[ 2016-06-24T00:07:47+08:00 ] 127.0.0.1 /index.php/Index/tglist.html
INFO: [ app_init ] --START--
INFO: Run Behavior\BuildLiteBehavior [ RunTime:0.000024s ]
INFO: [ app_init ] --END-- [ RunTime:0.000647s ]
INFO: [ app_begin ] --START--
INFO: Run Behavior\ReadHtmlCacheBehavior [ RunTime:0.001261s ]
INFO: [ app_begin ] --END-- [ RunTime:0.001407s ]
SQL: SHOW COLUMNS FROM `tp_food` [ RunTime:0.0095s ]
SQL: SELECT COUNT(*) AS tp_count FROM `tp_food` WHERE ( category_id = 4 ) LIMIT 1   [ RunTime:0.0004s ]
SQL: SELECT * FROM `tp_food` WHERE ( category_id = 4 ) LIMIT 0,3   [ RunTime:0.0006s ]
SQL: SELECT * FROM `tp_food` WHERE ( category_id = 4 and is_tese = 1 )  [ RunTime:0.0007s ]
INFO: [ view_parse ] --START--
INFO: [ template_filter ] --START--
INFO: Run Behavior\ContentReplaceBehavior [ RunTime:0.000200s ]
INFO: [ template_filter ] --END-- [ RunTime:0.000397s ]
INFO: Run Behavior\ParseTemplateBehavior [ RunTime:0.045213s ]
INFO: [ view_parse ] --END-- [ RunTime:0.045360s ]
INFO: [ view_filter ] --START--
INFO: Run Behavior\WriteHtmlCacheBehavior [ RunTime:0.000567s ]
INFO: [ view_filter ] --END-- [ RunTime:0.000675s ]
INFO: [ app_end ] --START--
INFO: Run Behavior\ShowPageTraceBehavior [ RunTime:0.001458s ]
INFO: [ app_end ] --END-- [ RunTime:0.001658s ]

[ 2016-06-24T00:09:05+08:00 ] 127.0.0.1 /index.php/Index/tglist.html
INFO: [ app_init ] --START--
INFO: Run Behavior\BuildLiteBehavior [ RunTime:0.000025s ]
INFO: [ app_init ] --END-- [ RunTime:0.000666s ]
INFO: [ app_begin ] --START--
INFO: Run Behavior\ReadHtmlCacheBehavior [ RunTime:0.001189s ]
INFO: [ app_begin ] --END-- [ RunTime:0.001296s ]
SQL: SHOW COLUMNS FROM `tp_food` [ RunTime:0.0067s ]
SQL: SELECT COUNT(*) AS tp_count FROM `tp_food` WHERE ( category_id = 4 ) LIMIT 1   [ RunTime:0.0004s ]
SQL: SELECT * FROM `tp_food` WHERE ( category_id = 4 ) LIMIT 0,3   [ RunTime:0.0010s ]
SQL: SELECT * FROM `tp_food` WHERE ( category_id = 4 and is_tese = 1 )  [ RunTime:0.0006s ]
INFO: [ view_parse ] --START--
INFO: [ template_filter ] --START--
INFO: Run Behavior\ContentReplaceBehavior [ RunTime:0.000138s ]
INFO: [ template_filter ] --END-- [ RunTime:0.000286s ]
INFO: Run Behavior\ParseTemplateBehavior [ RunTime:0.022757s ]
INFO: [ view_parse ] --END-- [ RunTime:0.022891s ]
INFO: [ view_filter ] --START--
INFO: Run Behavior\WriteHtmlCacheBehavior [ RunTime:0.000848s ]
INFO: [ view_filter ] --END-- [ RunTime:0.000929s ]
INFO: [ app_end ] --START--
INFO: Run Behavior\ShowPageTraceBehavior [ RunTime:0.001997s ]
INFO: [ app_end ] --END-- [ RunTime:0.002181s ]

[ 2016-06-24T00:09:18+08:00 ] 127.0.0.1 /index.php/Index/yplist.html
INFO: [ app_init ] --START--
INFO: Run Behavior\BuildLiteBehavior [ RunTime:0.000024s ]
INFO: [ app_init ] --END-- [ RunTime:0.000661s ]
INFO: [ app_begin ] --START--
INFO: Run Behavior\ReadHtmlCacheBehavior [ RunTime:0.001106s ]
INFO: [ app_begin ] --END-- [ RunTime:0.001206s ]
SQL: SHOW COLUMNS FROM `tp_food` [ RunTime:0.0061s ]
SQL: SELECT COUNT(*) AS tp_count FROM `tp_food` WHERE ( category_id = 6 ) LIMIT 1   [ RunTime:0.0004s ]
SQL: SELECT * FROM `tp_food` WHERE ( category_id = 6 ) LIMIT 0,3   [ RunTime:0.0007s ]
SQL: SELECT * FROM `tp_food` WHERE ( category_id = 6 and is_tese = 1 )  [ RunTime:0.0005s ]
INFO: [ view_parse ] --START--
INFO: [ template_filter ] --START--
INFO: Run Behavior\ContentReplaceBehavior [ RunTime:0.000133s ]
INFO: [ template_filter ] --END-- [ RunTime:0.000274s ]
INFO: Run Behavior\ParseTemplateBehavior [ RunTime:0.040037s ]
INFO: [ view_parse ] --END-- [ RunTime:0.040195s ]
INFO: [ view_filter ] --START--
INFO: Run Behavior\WriteHtmlCacheBehavior [ RunTime:0.001025s ]
INFO: [ view_filter ] --END-- [ RunTime:0.001120s ]
INFO: [ app_end ] --START--
INFO: Run Behavior\ShowPageTraceBehavior [ RunTime:0.001299s ]
INFO: [ app_end ] --END-- [ RunTime:0.001399s ]

[ 2016-06-24T00:09:24+08:00 ] 127.0.0.1 /index.php/Index/tdlist.html
INFO: [ app_init ] --START--
INFO: Run Behavior\BuildLiteBehavior [ RunTime:0.000025s ]
INFO: [ app_init ] --END-- [ RunTime:0.000732s ]
INFO: [ app_begin ] --START--
INFO: Run Behavior\ReadHtmlCacheBehavior [ RunTime:0.001071s ]
INFO: [ app_begin ] --END-- [ RunTime:0.001173s ]
SQL: SHOW COLUMNS FROM `tp_food` [ RunTime:0.0080s ]
SQL: SELECT COUNT(*) AS tp_count FROM `tp_food` WHERE ( category_id = 5 ) LIMIT 1   [ RunTime:0.0004s ]
SQL: SELECT * FROM `tp_food` WHERE ( category_id = 5 ) LIMIT 0,3   [ RunTime:0.0006s ]
SQL: SELECT * FROM `tp_food` WHERE ( category_id = 5 and is_tese = 1 )  [ RunTime:0.0007s ]
INFO: [ view_parse ] --START--
INFO: [ template_filter ] --START--
INFO: Run Behavior\ContentReplaceBehavior [ RunTime:0.000122s ]
INFO: [ template_filter ] --END-- [ RunTime:0.000249s ]
INFO: Run Behavior\ParseTemplateBehavior [ RunTime:0.057661s ]
INFO: [ view_parse ] --END-- [ RunTime:0.057799s ]
INFO: [ view_filter ] --START--
INFO: Run Behavior\WriteHtmlCacheBehavior [ RunTime:0.000844s ]
INFO: [ view_filter ] --END-- [ RunTime:0.000929s ]
INFO: [ app_end ] --START--
INFO: Run Behavior\ShowPageTraceBehavior [ RunTime:0.001166s ]
INFO: [ app_end ] --END-- [ RunTime:0.001262s ]

[ 2016-06-24T00:09:58+08:00 ] 127.0.0.1 /index.php/Index/tdlist.html
INFO: [ app_init ] --START--
INFO: Run Behavior\BuildLiteBehavior [ RunTime:0.000025s ]
INFO: [ app_init ] --END-- [ RunTime:0.000711s ]
INFO: [ app_begin ] --START--
INFO: Run Behavior\ReadHtmlCacheBehavior [ RunTime:0.001106s ]
INFO: [ app_begin ] --END-- [ RunTime:0.001212s ]
SQL: SHOW COLUMNS FROM `tp_food` [ RunTime:0.0069s ]
SQL: SELECT COUNT(*) AS tp_count FROM `tp_food` WHERE ( category_id = 5 ) LIMIT 1   [ RunTime:0.0005s ]
SQL: SELECT * FROM `tp_food` WHERE ( category_id = 5 ) LIMIT 0,3   [ RunTime:0.0006s ]
SQL: SELECT * FROM `tp_food` WHERE ( category_id = 5 and is_tese = 1 )  [ RunTime:0.0005s ]
INFO: [ view_parse ] --START--
INFO: [ template_filter ] --START--
INFO: Run Behavior\ContentReplaceBehavior [ RunTime:0.000123s ]
INFO: [ template_filter ] --END-- [ RunTime:0.000223s ]
INFO: Run Behavior\ParseTemplateBehavior [ RunTime:0.021210s ]
INFO: [ view_parse ] --END-- [ RunTime:0.021337s ]
INFO: [ view_filter ] --START--
INFO: Run Behavior\WriteHtmlCacheBehavior [ RunTime:0.000733s ]
INFO: [ view_filter ] --END-- [ RunTime:0.000814s ]
INFO: [ app_end ] --START--
INFO: Run Behavior\ShowPageTraceBehavior [ RunTime:0.001089s ]
INFO: [ app_end ] --END-- [ RunTime:0.001170s ]

[ 2016-06-24T00:10:03+08:00 ] 127.0.0.1 /index.php/Index/tglist.html
INFO: [ app_init ] --START--
INFO: Run Behavior\BuildLiteBehavior [ RunTime:0.000024s ]
INFO: [ app_init ] --END-- [ RunTime:0.000666s ]
INFO: [ app_begin ] --START--
INFO: Run Behavior\ReadHtmlCacheBehavior [ RunTime:0.001117s ]
INFO: [ app_begin ] --END-- [ RunTime:0.001220s ]
SQL: SHOW COLUMNS FROM `tp_food` [ RunTime:0.0062s ]
SQL: SELECT COUNT(*) AS tp_count FROM `tp_food` WHERE ( category_id = 4 ) LIMIT 1   [ RunTime:0.0004s ]
SQL: SELECT * FROM `tp_food` WHERE ( category_id = 4 ) LIMIT 0,3   [ RunTime:0.0006s ]
SQL: SELECT * FROM `tp_food` WHERE ( category_id = 4 and is_tese = 1 )  [ RunTime:0.0005s ]
INFO: [ view_parse ] --START--
INFO: [ template_filter ] --START--
INFO: Run Behavior\ContentReplaceBehavior [ RunTime:0.000547s ]
INFO: [ template_filter ] --END-- [ RunTime:0.000788s ]
INFO: Run Behavior\ParseTemplateBehavior [ RunTime:0.023221s ]
INFO: [ view_parse ] --END-- [ RunTime:0.023357s ]
INFO: [ view_filter ] --START--
INFO: Run Behavior\WriteHtmlCacheBehavior [ RunTime:0.000933s ]
INFO: [ view_filter ] --END-- [ RunTime:0.001016s ]
INFO: [ app_end ] --START--
INFO: Run Behavior\ShowPageTraceBehavior [ RunTime:0.001501s ]
INFO: [ app_end ] --END-- [ RunTime:0.001596s ]

[ 2016-06-24T00:10:06+08:00 ] 127.0.0.1 /index.php/Index/tglist.html
INFO: [ app_init ] --START--
INFO: Run Behavior\BuildLiteBehavior [ RunTime:0.000026s ]
INFO: [ app_init ] --END-- [ RunTime:0.000693s ]
INFO: [ app_begin ] --START--
INFO: Run Behavior\ReadHtmlCacheBehavior [ RunTime:0.001131s ]
INFO: [ app_begin ] --END-- [ RunTime:0.001235s ]
SQL: SHOW COLUMNS FROM `tp_food` [ RunTime:0.0072s ]
SQL: SELECT COUNT(*) AS tp_count FROM `tp_food` WHERE ( category_id = 4 ) LIMIT 1   [ RunTime:0.0004s ]
SQL: SELECT * FROM `tp_food` WHERE ( category_id = 4 ) LIMIT 0,3   [ RunTime:0.0005s ]
SQL: SELECT * FROM `tp_food` WHERE ( category_id = 4 and is_tese = 1 )  [ RunTime:0.0004s ]
INFO: [ view_parse ] --START--
INFO: [ template_filter ] --START--
INFO: Run Behavior\ContentReplaceBehavior [ RunTime:0.000120s ]
INFO: [ template_filter ] --END-- [ RunTime:0.000238s ]
INFO: Run Behavior\ParseTemplateBehavior [ RunTime:0.021029s ]
INFO: [ view_parse ] --END-- [ RunTime:0.021154s ]
INFO: [ view_filter ] --START--
INFO: Run Behavior\WriteHtmlCacheBehavior [ RunTime:0.000808s ]
INFO: [ view_filter ] --END-- [ RunTime:0.000890s ]
INFO: [ app_end ] --START--
INFO: Run Behavior\ShowPageTraceBehavior [ RunTime:0.001224s ]
INFO: [ app_end ] --END-- [ RunTime:0.001322s ]

[ 2016-06-24T00:10:16+08:00 ] 127.0.0.1 /index.php/Index/tdlist.html
INFO: [ app_init ] --START--
INFO: Run Behavior\BuildLiteBehavior [ RunTime:0.000023s ]
INFO: [ app_init ] --END-- [ RunTime:0.000660s ]
INFO: [ app_begin ] --START--
INFO: Run Behavior\ReadHtmlCacheBehavior [ RunTime:0.001033s ]
INFO: [ app_begin ] --END-- [ RunTime:0.001130s ]
SQL: SHOW COLUMNS FROM `tp_food` [ RunTime:0.0064s ]
SQL: SELECT COUNT(*) AS tp_count FROM `tp_food` WHERE ( category_id = 5 ) LIMIT 1   [ RunTime:0.0004s ]
SQL: SELECT * FROM `tp_food` WHERE ( category_id = 5 ) LIMIT 0,3   [ RunTime:0.0005s ]
SQL: SELECT * FROM `tp_food` WHERE ( category_id = 5 and is_tese = 1 )  [ RunTime:0.0005s ]
INFO: [ view_parse ] --START--
INFO: [ template_filter ] --START--
INFO: Run Behavior\ContentReplaceBehavior [ RunTime:0.000118s ]
INFO: [ template_filter ] --END-- [ RunTime:0.000235s ]
INFO: Run Behavior\ParseTemplateBehavior [ RunTime:0.020981s ]
INFO: [ view_parse ] --END-- [ RunTime:0.021106s ]
INFO: [ view_filter ] --START--
INFO: Run Behavior\WriteHtmlCacheBehavior [ RunTime:0.000734s ]
INFO: [ view_filter ] --END-- [ RunTime:0.000813s ]
INFO: [ app_end ] --START--
INFO: Run Behavior\ShowPageTraceBehavior [ RunTime:0.001128s ]
INFO: [ app_end ] --END-- [ RunTime:0.001213s ]

[ 2016-06-24T00:14:29+08:00 ] 127.0.0.1 /index.php/Index/tdlist.html
INFO: [ app_init ] --START--
INFO: Run Behavior\BuildLiteBehavior [ RunTime:0.000027s ]
INFO: [ app_init ] --END-- [ RunTime:0.000769s ]
INFO: [ app_begin ] --START--
INFO: Run Behavior\ReadHtmlCacheBehavior [ RunTime:0.001409s ]
INFO: [ app_begin ] --END-- [ RunTime:0.001571s ]
SQL: SHOW COLUMNS FROM `tp_food` [ RunTime:0.0084s ]
SQL: SELECT COUNT(*) AS tp_count FROM `tp_food` WHERE ( category_id = 5 ) LIMIT 1   [ RunTime:0.0008s ]
SQL: SELECT * FROM `tp_food` WHERE ( category_id = 5 ) LIMIT 0,3   [ RunTime:0.0015s ]
SQL: SELECT * FROM `tp_food` WHERE ( category_id = 5 and is_tese = 1 )  [ RunTime:0.0010s ]
INFO: [ view_parse ] --START--
INFO: [ template_filter ] --START--
INFO: Run Behavior\ContentReplaceBehavior [ RunTime:0.000128s ]
INFO: [ template_filter ] --END-- [ RunTime:0.000275s ]
INFO: Run Behavior\ParseTemplateBehavior [ RunTime:0.033807s ]
INFO: [ view_parse ] --END-- [ RunTime:0.033980s ]
INFO: [ view_filter ] --START--
INFO: Run Behavior\WriteHtmlCacheBehavior [ RunTime:0.000891s ]
INFO: [ view_filter ] --END-- [ RunTime:0.000974s ]
INFO: [ app_end ] --START--
INFO: Run Behavior\ShowPageTraceBehavior [ RunTime:0.001197s ]
INFO: [ app_end ] --END-- [ RunTime:0.001299s ]

[ 2016-06-24T00:14:42+08:00 ] 127.0.0.1 /index.php/Index/tdlist.html
INFO: [ app_init ] --START--
INFO: Run Behavior\BuildLiteBehavior [ RunTime:0.000037s ]
INFO: [ app_init ] --END-- [ RunTime:0.001057s ]
INFO: [ app_begin ] --START--
INFO: Run Behavior\ReadHtmlCacheBehavior [ RunTime:0.001584s ]
INFO: [ app_begin ] --END-- [ RunTime:0.001721s ]
SQL: SHOW COLUMNS FROM `tp_food` [ RunTime:0.0072s ]
SQL: SELECT COUNT(*) AS tp_count FROM `tp_food` WHERE ( category_id = 5 ) LIMIT 1   [ RunTime:0.0005s ]
SQL: SELECT * FROM `tp_food` WHERE ( category_id = 5 ) LIMIT 0,3   [ RunTime:0.0011s ]
SQL: SELECT * FROM `tp_food` WHERE ( category_id = 5 and is_tese = 1 )  [ RunTime:0.0010s ]
INFO: [ view_parse ] --START--
INFO: [ template_filter ] --START--
INFO: Run Behavior\ContentReplaceBehavior [ RunTime:0.000185s ]
INFO: [ template_filter ] --END-- [ RunTime:0.000394s ]
INFO: Run Behavior\ParseTemplateBehavior [ RunTime:0.027059s ]
INFO: [ view_parse ] --END-- [ RunTime:0.027232s ]
INFO: [ view_filter ] --START--
INFO: Run Behavior\WriteHtmlCacheBehavior [ RunTime:0.000796s ]
INFO: [ view_filter ] --END-- [ RunTime:0.000882s ]
INFO: [ app_end ] --START--
INFO: Run Behavior\ShowPageTraceBehavior [ RunTime:0.001718s ]
INFO: [ app_end ] --END-- [ RunTime:0.001851s ]

[ 2016-06-24T00:14:45+08:00 ] 127.0.0.1 /index.php/Index/yplist.html
INFO: [ app_init ] --START--
INFO: Run Behavior\BuildLiteBehavior [ RunTime:0.000025s ]
INFO: [ app_init ] --END-- [ RunTime:0.000679s ]
INFO: [ app_begin ] --START--
INFO: Run Behavior\ReadHtmlCacheBehavior [ RunTime:0.001732s ]
INFO: [ app_begin ] --END-- [ RunTime:0.001913s ]
SQL: SHOW COLUMNS FROM `tp_food` [ RunTime:0.0087s ]
SQL: SELECT COUNT(*) AS tp_count FROM `tp_food` WHERE ( category_id = 6 ) LIMIT 1   [ RunTime:0.0005s ]
SQL: SELECT * FROM `tp_food` WHERE ( category_id = 6 ) LIMIT 0,3   [ RunTime:0.0007s ]
SQL: SELECT * FROM `tp_food` WHERE ( category_id = 6 and is_tese = 1 )  [ RunTime:0.0010s ]
INFO: [ view_parse ] --START--
INFO: [ template_filter ] --START--
INFO: Run Behavior\ContentReplaceBehavior [ RunTime:0.000157s ]
INFO: [ template_filter ] --END-- [ RunTime:0.000299s ]
INFO: Run Behavior\ParseTemplateBehavior [ RunTime:0.053318s ]
INFO: [ view_parse ] --END-- [ RunTime:0.053552s ]
INFO: [ view_filter ] --START--
INFO: Run Behavior\WriteHtmlCacheBehavior [ RunTime:0.001218s ]
INFO: [ view_filter ] --END-- [ RunTime:0.001372s ]
INFO: [ app_end ] --START--
INFO: Run Behavior\ShowPageTraceBehavior [ RunTime:0.001939s ]
INFO: [ app_end ] --END-- [ RunTime:0.002112s ]

[ 2016-06-24T00:14:49+08:00 ] 127.0.0.1 /index.php/Index/tglist.html
INFO: [ app_init ] --START--
INFO: Run Behavior\BuildLiteBehavior [ RunTime:0.000025s ]
INFO: [ app_init ] --END-- [ RunTime:0.000703s ]
INFO: [ app_begin ] --START--
INFO: Run Behavior\ReadHtmlCacheBehavior [ RunTime:0.001074s ]
INFO: [ app_begin ] --END-- [ RunTime:0.001177s ]
SQL: SHOW COLUMNS FROM `tp_food` [ RunTime:0.0268s ]
SQL: SELECT COUNT(*) AS tp_count FROM `tp_food` WHERE ( category_id = 4 ) LIMIT 1   [ RunTime:0.0005s ]
SQL: SELECT * FROM `tp_food` WHERE ( category_id = 4 ) LIMIT 0,3   [ RunTime:0.0008s ]
SQL: SELECT * FROM `tp_food` WHERE ( category_id = 4 and is_tese = 1 )  [ RunTime:0.0005s ]
INFO: [ view_parse ] --START--
INFO: [ template_filter ] --START--
INFO: Run Behavior\ContentReplaceBehavior [ RunTime:0.000120s ]
INFO: [ template_filter ] --END-- [ RunTime:0.000247s ]
INFO: Run Behavior\ParseTemplateBehavior [ RunTime:0.064664s ]
INFO: [ view_parse ] --END-- [ RunTime:0.064808s ]
INFO: [ view_filter ] --START--
INFO: Run Behavior\WriteHtmlCacheBehavior [ RunTime:0.001146s ]
INFO: [ view_filter ] --END-- [ RunTime:0.001240s ]
INFO: [ app_end ] --START--
INFO: Run Behavior\ShowPageTraceBehavior [ RunTime:0.001227s ]
INFO: [ app_end ] --END-- [ RunTime:0.001328s ]

[ 2016-06-24T00:14:52+08:00 ] 127.0.0.1 /index.php/Index/zslist.html
INFO: [ app_init ] --START--
INFO: Run Behavior\BuildLiteBehavior [ RunTime:0.000026s ]
INFO: [ app_init ] --END-- [ RunTime:0.000812s ]
INFO: [ app_begin ] --START--
INFO: Run Behavior\ReadHtmlCacheBehavior [ RunTime:0.001185s ]
INFO: [ app_begin ] --END-- [ RunTime:0.001350s ]
SQL: SHOW COLUMNS FROM `tp_food` [ RunTime:0.0076s ]
SQL: SELECT COUNT(*) AS tp_count FROM `tp_food` WHERE ( category_id > 6 ) LIMIT 1   [ RunTime:0.0005s ]
SQL: SELECT * FROM `tp_food` WHERE ( category_id > 6 ) LIMIT 0,5   [ RunTime:0.0008s ]
SQL: SELECT * FROM `tp_food` WHERE ( category_id > 6 and is_tese = 1 )  [ RunTime:0.0006s ]
INFO: [ view_parse ] --START--
INFO: [ template_filter ] --START--
INFO: Run Behavior\ContentReplaceBehavior [ RunTime:0.000134s ]
INFO: [ template_filter ] --END-- [ RunTime:0.000236s ]
NOTIC: [8] Undefined variable: mf E:\www\tp\Application\Runtime\Cache\Home\85b9d78a2500b99d818d574f88efbdce.php 第 85 行.
NOTIC: [8] Undefined variable: mf E:\www\tp\Application\Runtime\Cache\Home\85b9d78a2500b99d818d574f88efbdce.php 第 85 行.
NOTIC: [8] Undefined variable: mf E:\www\tp\Application\Runtime\Cache\Home\85b9d78a2500b99d818d574f88efbdce.php 第 85 行.
NOTIC: [8] Undefined variable: mf E:\www\tp\Application\Runtime\Cache\Home\85b9d78a2500b99d818d574f88efbdce.php 第 85 行.
NOTIC: [8] Undefined variable: mf E:\www\tp\Application\Runtime\Cache\Home\85b9d78a2500b99d818d574f88efbdce.php 第 85 行.
INFO: Run Behavior\ParseTemplateBehavior [ RunTime:0.067163s ]
INFO: [ view_parse ] --END-- [ RunTime:0.067357s ]
INFO: [ view_filter ] --START--
INFO: Run Behavior\WriteHtmlCacheBehavior [ RunTime:0.000970s ]
INFO: [ view_filter ] --END-- [ RunTime:0.001093s ]
INFO: [ app_end ] --START--
INFO: Run Behavior\ShowPageTraceBehavior [ RunTime:0.001579s ]
INFO: [ app_end ] --END-- [ RunTime:0.001680s ]

[ 2016-06-24T08:20:31+08:00 ] 127.0.0.1 /favicon.ico
INFO: [ app_init ] --START--
INFO: Run Behavior\BuildLiteBehavior [ RunTime:0.000046s ]
INFO: [ app_init ] --END-- [ RunTime:0.264579s ]

[ 2016-06-24T08:20:33+08:00 ] 127.0.0.1 /index.php/Index/index.html
INFO: [ app_init ] --START--
INFO: Run Behavior\BuildLiteBehavior [ RunTime:0.000128s ]
INFO: [ app_init ] --END-- [ RunTime:0.260879s ]
INFO: [ app_begin ] --START--
INFO: Run Behavior\ReadHtmlCacheBehavior [ RunTime:0.020803s ]
INFO: [ app_begin ] --END-- [ RunTime:0.021005s ]
INFO: [ view_parse ] --START--
INFO: [ template_filter ] --START--
INFO: Run Behavior\ContentReplaceBehavior [ RunTime:0.000121s ]
INFO: [ template_filter ] --END-- [ RunTime:0.000301s ]
INFO: Run Behavior\ParseTemplateBehavior [ RunTime:1.140931s ]
INFO: [ view_parse ] --END-- [ RunTime:1.141127s ]
INFO: [ view_filter ] --START--
INFO: Run Behavior\WriteHtmlCacheBehavior [ RunTime:0.129181s ]
INFO: [ view_filter ] --END-- [ RunTime:0.129339s ]

[ 2016-06-24T08:20:37+08:00 ] 127.0.0.1 /favicon.ico
INFO: [ app_init ] --START--
INFO: Run Behavior\BuildLiteBehavior [ RunTime:0.000023s ]
INFO: [ app_init ] --END-- [ RunTime:0.000684s ]

[ 2016-06-24T08:20:41+08:00 ] 127.0.0.1 /index.php/Public/login.html
INFO: [ app_init ] --START--
INFO: Run Behavior\BuildLiteBehavior [ RunTime:0.000024s ]
INFO: [ app_init ] --END-- [ RunTime:0.000686s ]
INFO: [ app_begin ] --START--
INFO: Run Behavior\ReadHtmlCacheBehavior [ RunTime:0.000872s ]
INFO: [ app_begin ] --END-- [ RunTime:0.000972s ]
INFO: [ view_parse ] --START--
INFO: [ template_filter ] --START--
INFO: Run Behavior\ContentReplaceBehavior [ RunTime:0.000178s ]
INFO: [ template_filter ] --END-- [ RunTime:0.000385s ]
INFO: Run Behavior\ParseTemplateBehavior [ RunTime:0.078414s ]
INFO: [ view_parse ] --END-- [ RunTime:0.078648s ]
INFO: [ view_filter ] --START--
INFO: Run Behavior\WriteHtmlCacheBehavior [ RunTime:0.001085s ]
INFO: [ view_filter ] --END-- [ RunTime:0.001248s ]
INFO: [ app_end ] --START--
INFO: Run Behavior\ShowPageTraceBehavior [ RunTime:0.050772s ]
INFO: [ app_end ] --END-- [ RunTime:0.050998s ]

[ 2016-06-24T08:20:44+08:00 ] 127.0.0.1 /index.php/Home/Public/captcha
INFO: [ app_init ] --START--
INFO: Run Behavior\BuildLiteBehavior [ RunTime:0.000024s ]
INFO: [ app_init ] --END-- [ RunTime:0.000682s ]
INFO: [ app_begin ] --START--
INFO: Run Behavior\ReadHtmlCacheBehavior [ RunTime:0.001136s ]
INFO: [ app_begin ] --END-- [ RunTime:0.001255s ]
INFO: [ app_end ] --START--
INFO: Run Behavior\ShowPageTraceBehavior [ RunTime:0.002452s ]
INFO: [ app_end ] --END-- [ RunTime:0.002707s ]

[ 2016-06-24T08:21:19+08:00 ] 127.0.0.1 /index.php/Public/index.html
INFO: [ app_init ] --START--
INFO: Run Behavior\BuildLiteBehavior [ RunTime:0.000162s ]
INFO: [ app_init ] --END-- [ RunTime:0.002221s ]
INFO: [ app_begin ] --START--
INFO: Run Behavior\ReadHtmlCacheBehavior [ RunTime:0.001801s ]
INFO: [ app_begin ] --END-- [ RunTime:0.002101s ]
INFO: [ view_parse ] --START--
INFO: [ template_filter ] --START--
INFO: Run Behavior\ContentReplaceBehavior [ RunTime:0.000080s ]
INFO: [ template_filter ] --END-- [ RunTime:0.000203s ]
INFO: Run Behavior\ParseTemplateBehavior [ RunTime:0.013384s ]
INFO: [ view_parse ] --END-- [ RunTime:0.013555s ]
INFO: [ view_filter ] --START--
INFO: Run Behavior\WriteHtmlCacheBehavior [ RunTime:0.000689s ]
INFO: [ view_filter ] --END-- [ RunTime:0.000767s ]

[ 2016-06-24T08:21:24+08:00 ] 127.0.0.1 /index.php/Public/login.html
INFO: [ app_init ] --START--
INFO: Run Behavior\BuildLiteBehavior [ RunTime:0.000023s ]
INFO: [ app_init ] --END-- [ RunTime:0.000671s ]
INFO: [ app_begin ] --START--
INFO: Run Behavior\ReadHtmlCacheBehavior [ RunTime:0.000857s ]
INFO: [ app_begin ] --END-- [ RunTime:0.000952s ]
INFO: [ view_parse ] --START--
INFO: [ template_filter ] --START--
INFO: Run Behavior\ContentReplaceBehavior [ RunTime:0.000094s ]
INFO: [ template_filter ] --END-- [ RunTime:0.000207s ]
INFO: Run Behavior\ParseTemplateBehavior [ RunTime:0.009808s ]
INFO: [ view_parse ] --END-- [ RunTime:0.009899s ]
INFO: [ view_filter ] --START--
INFO: Run Behavior\WriteHtmlCacheBehavior [ RunTime:0.000586s ]
INFO: [ view_filter ] --END-- [ RunTime:0.000670s ]
INFO: [ app_end ] --START--
INFO: Run Behavior\ShowPageTraceBehavior [ RunTime:0.000910s ]
INFO: [ app_end ] --END-- [ RunTime:0.000998s ]

[ 2016-06-24T08:21:24+08:00 ] 127.0.0.1 /index.php/Home/Public/captcha
INFO: [ app_init ] --START--
INFO: Run Behavior\BuildLiteBehavior [ RunTime:0.000024s ]
INFO: [ app_init ] --END-- [ RunTime:0.000685s ]
INFO: [ app_begin ] --START--
INFO: Run Behavior\ReadHtmlCacheBehavior [ RunTime:0.000894s ]
INFO: [ app_begin ] --END-- [ RunTime:0.001000s ]
INFO: [ app_end ] --START--
INFO: Run Behavior\ShowPageTraceBehavior [ RunTime:0.001137s ]
INFO: [ app_end ] --END-- [ RunTime:0.001265s ]

[ 2016-06-24T08:21:30+08:00 ] 127.0.0.1 /index.php/Home/Public/captcha/t/0.5443923778366297
INFO: [ app_init ] --START--
INFO: Run Behavior\BuildLiteBehavior [ RunTime:0.000025s ]
INFO: [ app_init ] --END-- [ RunTime:0.000725s ]
INFO: [ app_begin ] --START--
INFO: Run Behavior\ReadHtmlCacheBehavior [ RunTime:0.000964s ]
INFO: [ app_begin ] --END-- [ RunTime:0.001079s ]
INFO: [ app_end ] --START--
INFO: Run Behavior\ShowPageTraceBehavior [ RunTime:0.001144s ]
INFO: [ app_end ] --END-- [ RunTime:0.001271s ]

[ 2016-06-24T08:21:31+08:00 ] 127.0.0.1 /index.php/Home/Public/captcha/t/0.4978374666534364
INFO: [ app_init ] --START--
INFO: Run Behavior\BuildLiteBehavior [ RunTime:0.000023s ]
INFO: [ app_init ] --END-- [ RunTime:0.000746s ]
INFO: [ app_begin ] --START--
INFO: Run Behavior\ReadHtmlCacheBehavior [ RunTime:0.000992s ]
INFO: [ app_begin ] --END-- [ RunTime:0.001109s ]
INFO: [ app_end ] --START--
INFO: Run Behavior\ShowPageTraceBehavior [ RunTime:0.001019s ]
INFO: [ app_end ] --END-- [ RunTime:0.001149s ]

[ 2016-06-24T08:21:31+08:00 ] 127.0.0.1 /index.php/Home/Public/captcha/t/0.08330606273375452
INFO: [ app_init ] --START--
INFO: Run Behavior\BuildLiteBehavior [ RunTime:0.000023s ]
INFO: [ app_init ] --END-- [ RunTime:0.000669s ]
INFO: [ app_begin ] --START--
INFO: Run Behavior\ReadHtmlCacheBehavior [ RunTime:0.000878s ]
INFO: [ app_begin ] --END-- [ RunTime:0.000979s ]
INFO: [ app_end ] --START--
INFO: Run Behavior\ShowPageTraceBehavior [ RunTime:0.000979s ]
INFO: [ app_end ] --END-- [ RunTime:0.001093s ]

[ 2016-06-24T08:21:34+08:00 ] 127.0.0.1 /index.php/Home/Public/captcha/t/0.9950399273075163
INFO: [ app_init ] --START--
INFO: Run Behavior\BuildLiteBehavior [ RunTime:0.000023s ]
INFO: [ app_init ] --END-- [ RunTime:0.000678s ]
INFO: [ app_begin ] --START--
INFO: Run Behavior\ReadHtmlCacheBehavior [ RunTime:0.000865s ]
INFO: [ app_begin ] --END-- [ RunTime:0.000959s ]
INFO: [ app_end ] --START--
INFO: Run Behavior\ShowPageTraceBehavior [ RunTime:0.001049s ]
INFO: [ app_end ] --END-- [ RunTime:0.001182s ]

[ 2016-06-24T08:21:34+08:00 ] 127.0.0.1 /index.php/Home/Public/captcha/t/0.3351026007439941
INFO: [ app_init ] --START--
INFO: Run Behavior\BuildLiteBehavior [ RunTime:0.000027s ]
INFO: [ app_init ] --END-- [ RunTime:0.000732s ]
INFO: [ app_begin ] --START--
INFO: Run Behavior\ReadHtmlCacheBehavior [ RunTime:0.000865s ]
INFO: [ app_begin ] --END-- [ RunTime:0.000963s ]
INFO: [ app_end ] --START--
INFO: Run Behavior\ShowPageTraceBehavior [ RunTime:0.001047s ]
INFO: [ app_end ] --END-- [ RunTime:0.001176s ]

[ 2016-06-24T08:21:42+08:00 ] 127.0.0.1 /index.php/Public/index.html
INFO: [ app_init ] --START--
INFO: Run Behavior\BuildLiteBehavior [ RunTime:0.000024s ]
INFO: [ app_init ] --END-- [ RunTime:0.000700s ]
INFO: [ app_begin ] --START--
INFO: Run Behavior\ReadHtmlCacheBehavior [ RunTime:0.001052s ]
INFO: [ app_begin ] --END-- [ RunTime:0.001187s ]
SQL: SHOW COLUMNS FROM `tp_fuser` [ RunTime:0.1446s ]
SQL: SELECT * FROM `tp_fuser` WHERE ( username = 'tt' ) LIMIT 1   [ RunTime:0.0093s ]
SQL: SELECT * FROM `tp_fuser` WHERE ( password = 'tt' ) LIMIT 1   [ RunTime:0.0006s ]
INFO: [ view_parse ] --START--
INFO: [ template_filter ] --START--
INFO: Run Behavior\ContentReplaceBehavior [ RunTime:0.000075s ]
INFO: [ template_filter ] --END-- [ RunTime:0.000194s ]
INFO: Run Behavior\ParseTemplateBehavior [ RunTime:0.009342s ]
INFO: [ view_parse ] --END-- [ RunTime:0.009512s ]
INFO: [ view_filter ] --START--
INFO: Run Behavior\WriteHtmlCacheBehavior [ RunTime:0.000585s ]
INFO: [ view_filter ] --END-- [ RunTime:0.000673s ]
INFO: [ app_end ] --START--
INFO: Run Behavior\ShowPageTraceBehavior [ RunTime:0.001229s ]
INFO: [ app_end ] --END-- [ RunTime:0.001369s ]

[ 2016-06-24T08:21:45+08:00 ] 127.0.0.1 /index.php/Index/index.html
INFO: [ app_init ] --START--
INFO: Run Behavior\BuildLiteBehavior [ RunTime:0.000036s ]
INFO: [ app_init ] --END-- [ RunTime:0.001122s ]
INFO: [ app_begin ] --START--
INFO: Run Behavior\ReadHtmlCacheBehavior [ RunTime:0.002406s ]
INFO: [ app_begin ] --END-- [ RunTime:0.002706s ]
NOTIC: [8] Undefined index: AUTH E:\www\tp\Application\Home\Controller\CommonController.class.php 第 17 行.
SQL: SHOW COLUMNS FROM `tp_category` [ RunTime:0.0560s ]
SQL: SELECT * FROM `tp_category`  [ RunTime:0.0006s ]
SQL: SHOW COLUMNS FROM `tp_food` [ RunTime:0.0395s ]
SQL: SELECT * FROM `tp_food` LIMIT 10   [ RunTime:0.0008s ]
SQL: SELECT * FROM `tp_food` WHERE ( is_hot = "是" )  [ RunTime:0.0011s ]
SQL: SELECT * FROM `tp_food` WHERE ( is_tese = 1 ) LIMIT 3   [ RunTime:0.0005s ]
INFO: [ view_parse ] --START--
INFO: [ template_filter ] --START--
INFO: Run Behavior\ContentReplaceBehavior [ RunTime:0.000213s ]
INFO: [ template_filter ] --END-- [ RunTime:0.000386s ]
INFO: Run Behavior\ParseTemplateBehavior [ RunTime:0.104760s ]
INFO: [ view_parse ] --END-- [ RunTime:0.104969s ]
INFO: [ view_filter ] --START--
INFO: Run Behavior\WriteHtmlCacheBehavior [ RunTime:0.000856s ]
INFO: [ view_filter ] --END-- [ RunTime:0.000990s ]
INFO: [ app_end ] --START--
INFO: Run Behavior\ShowPageTraceBehavior [ RunTime:0.006494s ]
INFO: [ app_end ] --END-- [ RunTime:0.006676s ]

[ 2016-06-24T08:21:45+08:00 ] 127.0.0.1 /Public/css/jcarousel.css
INFO: [ app_init ] --START--
INFO: Run Behavior\BuildLiteBehavior [ RunTime:0.000042s ]
INFO: [ app_init ] --END-- [ RunTime:0.001147s ]
INFO: [ app_begin ] --START--
INFO: Run Behavior\ReadHtmlCacheBehavior [ RunTime:0.001448s ]
INFO: [ app_begin ] --END-- [ RunTime:0.001623s ]
ERR: 非法操作:css

[ 2016-06-24T08:21:52+08:00 ] 127.0.0.1 /Public/Home/images/main-menu-right.png
INFO: [ app_init ] --START--
INFO: Run Behavior\BuildLiteBehavior [ RunTime:0.000024s ]
INFO: [ app_init ] --END-- [ RunTime:0.000780s ]

[ 2016-06-24T08:22:07+08:00 ] 127.0.0.1 /Public/Home/images/slider-item.png
INFO: [ app_init ] --START--
INFO: Run Behavior\BuildLiteBehavior [ RunTime:0.000025s ]
INFO: [ app_init ] --END-- [ RunTime:0.000786s ]

[ 2016-06-24T08:22:18+08:00 ] 127.0.0.1 /index.php/Home/Index/addCart/id/8
INFO: [ app_init ] --START--
INFO: Run Behavior\BuildLiteBehavior [ RunTime:0.000038s ]
INFO: [ app_init ] --END-- [ RunTime:0.001075s ]
INFO: [ app_begin ] --START--
INFO: Run Behavior\ReadHtmlCacheBehavior [ RunTime:0.001129s ]
INFO: [ app_begin ] --END-- [ RunTime:0.001237s ]
NOTIC: [8] Undefined index: AUTH E:\www\tp\Application\Home\Controller\CommonController.class.php 第 17 行.
SQL: SHOW COLUMNS FROM `tp_food` [ RunTime:0.0056s ]
SQL: SELECT * FROM `tp_food` WHERE `id` = 8 LIMIT 1   [ RunTime:0.0007s ]
SQL: SHOW COLUMNS FROM `tp_category` [ RunTime:0.0604s ]
SQL: SELECT * FROM `tp_category` WHERE ( id = 1 ) LIMIT 1   [ RunTime:0.0005s ]
SQL: SHOW COLUMNS FROM `tp_cart` [ RunTime:0.1169s ]
SQL: INSERT INTO `tp_cart` (`name`,`picture`,`price`,`sprice`,`about`,`category_id`) VALUES ('鱼香茄子','/Public/Uploads/2016-06-16/5762b8db362e5.jpg','24','24','鱼香茄子是我国八大菜系中川菜的著名菜肴，主料为茄子，配以多种辅料加工烧制而成。','热菜') [ RunTime:0.0970s ]
INFO: [ view_parse ] --START--
INFO: [ template_filter ] --START--
INFO: Run Behavior\ContentReplaceBehavior [ RunTime:0.000074s ]
INFO: [ template_filter ] --END-- [ RunTime:0.000174s ]
INFO: Run Behavior\ParseTemplateBehavior [ RunTime:0.010536s ]
INFO: [ view_parse ] --END-- [ RunTime:0.010657s ]
INFO: [ view_filter ] --START--
INFO: Run Behavior\WriteHtmlCacheBehavior [ RunTime:0.000718s ]
INFO: [ view_filter ] --END-- [ RunTime:0.000799s ]
INFO: [ app_end ] --START--
INFO: Run Behavior\ShowPageTraceBehavior [ RunTime:0.001166s ]
INFO: [ app_end ] --END-- [ RunTime:0.001296s ]

[ 2016-06-24T08:22:21+08:00 ] 127.0.0.1 /index.php/Cart/cart.html
INFO: [ app_init ] --START--
INFO: Run Behavior\BuildLiteBehavior [ RunTime:0.000023s ]
INFO: [ app_init ] --END-- [ RunTime:0.000690s ]
INFO: [ app_begin ] --START--
INFO: Run Behavior\ReadHtmlCacheBehavior [ RunTime:0.000869s ]
INFO: [ app_begin ] --END-- [ RunTime:0.000967s ]
NOTIC: [8] Undefined index: AUTH E:\www\tp\Application\Home\Controller\CommonController.class.php 第 17 行.
SQL: SHOW COLUMNS FROM `tp_cart` [ RunTime:0.0083s ]
SQL: SELECT SUM(sprice) AS tp_sum FROM `tp_cart` LIMIT 1   [ RunTime:0.0219s ]
SQL: SELECT SUM(num) AS tp_sum FROM `tp_cart` LIMIT 1   [ RunTime:0.0004s ]
SQL: SELECT * FROM `tp_cart`  [ RunTime:0.0005s ]
INFO: [ view_parse ] --START--
INFO: [ template_filter ] --START--
INFO: Run Behavior\ContentReplaceBehavior [ RunTime:0.000142s ]
INFO: [ template_filter ] --END-- [ RunTime:0.000258s ]
NOTIC: [8] Undefined variable: data E:\www\tp\Application\Runtime\Cache\Home\5adcae01847b4cfebd278a111f8e355f.php 第 152 行.
INFO: Run Behavior\ParseTemplateBehavior [ RunTime:0.039436s ]
INFO: [ view_parse ] --END-- [ RunTime:0.039553s ]
INFO: [ view_filter ] --START--
INFO: Run Behavior\WriteHtmlCacheBehavior [ RunTime:0.000562s ]
INFO: [ view_filter ] --END-- [ RunTime:0.000643s ]
INFO: [ app_end ] --START--
INFO: Run Behavior\ShowPageTraceBehavior [ RunTime:0.001465s ]
INFO: [ app_end ] --END-- [ RunTime:0.001605s ]

[ 2016-06-24T08:22:22+08:00 ] 127.0.0.1 /Public/css/jcarousel.css
INFO: [ app_init ] --START--
INFO: Run Behavior\BuildLiteBehavior [ RunTime:0.000037s ]
INFO: [ app_init ] --END-- [ RunTime:0.000726s ]
INFO: [ app_begin ] --START--
INFO: Run Behavior\ReadHtmlCacheBehavior [ RunTime:0.001017s ]
INFO: [ app_begin ] --END-- [ RunTime:0.001142s ]
ERR: 非法操作:css

[ 2016-06-24T08:22:22+08:00 ] 127.0.0.1 /Public/Home/images/product-menu-dot-bg.gif
INFO: [ app_init ] --START--
INFO: Run Behavior\BuildLiteBehavior [ RunTime:0.000036s ]
INFO: [ app_init ] --END-- [ RunTime:0.001054s ]

[ 2016-06-24T08:22:28+08:00 ] 127.0.0.1 /index.php/Home/Cart/editPlusNum/id/11/num/2
INFO: [ app_init ] --START--
INFO: Run Behavior\BuildLiteBehavior [ RunTime:0.000035s ]
INFO: [ app_init ] --END-- [ RunTime:0.000992s ]
INFO: [ app_begin ] --START--
INFO: Run Behavior\ReadHtmlCacheBehavior [ RunTime:0.002049s ]
INFO: [ app_begin ] --END-- [ RunTime:0.002265s ]
NOTIC: [8] Undefined index: AUTH E:\www\tp\Application\Home\Controller\CommonController.class.php 第 17 行.
SQL: SHOW COLUMNS FROM `tp_cart` [ RunTime:0.0062s ]
SQL: SELECT * FROM `tp_cart` WHERE `id` = 11 LIMIT 1   [ RunTime:0.0009s ]
SQL: UPDATE `tp_cart` SET `name`='清蒸鲈鱼',`picture`='/Public/Uploads/2016-06-16/5762ba20470f7.jpg',`sprice`='84',`price`='42',`about`='今天的这个清蒸鲈鱼，做法简单，但是成品美观，味道特别的出色。成为家宴中不可缺少的一道主菜。选用一斤左右的鲈鱼，蒸的时间恰到火候，鱼肉刚熟，细嫩爽滑，鱼肉的鲜美完全的呈现。汤汁带着米酒的甜，豉油的香，吃到嘴里绝对每一口都是享受。',`category_id`='热菜',`trash`='0',`num`='2',`uid`='0' WHERE `id` = 11 [ RunTime:0.0539s ]
INFO: [ view_parse ] --START--
INFO: [ template_filter ] --START--
INFO: Run Behavior\ContentReplaceBehavior [ RunTime:0.000074s ]
INFO: [ template_filter ] --END-- [ RunTime:0.000178s ]
INFO: Run Behavior\ParseTemplateBehavior [ RunTime:0.010992s ]
INFO: [ view_parse ] --END-- [ RunTime:0.011113s ]
INFO: [ view_filter ] --START--
INFO: Run Behavior\WriteHtmlCacheBehavior [ RunTime:0.000733s ]
INFO: [ view_filter ] --END-- [ RunTime:0.000813s ]
INFO: [ app_end ] --START--
INFO: Run Behavior\ShowPageTraceBehavior [ RunTime:0.001068s ]
INFO: [ app_end ] --END-- [ RunTime:0.001156s ]

[ 2016-06-24T08:22:29+08:00 ] 127.0.0.1 /index.php/Cart/cart.html
INFO: [ app_init ] --START--
INFO: Run Behavior\BuildLiteBehavior [ RunTime:0.000024s ]
INFO: [ app_init ] --END-- [ RunTime:0.000734s ]
INFO: [ app_begin ] --START--
INFO: Run Behavior\ReadHtmlCacheBehavior [ RunTime:0.000978s ]
INFO: [ app_begin ] --END-- [ RunTime:0.001088s ]
NOTIC: [8] Undefined index: AUTH E:\www\tp\Application\Home\Controller\CommonController.class.php 第 17 行.
SQL: SHOW COLUMNS FROM `tp_cart` [ RunTime:0.0063s ]
SQL: SELECT SUM(sprice) AS tp_sum FROM `tp_cart` LIMIT 1   [ RunTime:0.0004s ]
SQL: SELECT SUM(num) AS tp_sum FROM `tp_cart` LIMIT 1   [ RunTime:0.0003s ]
SQL: SELECT * FROM `tp_cart`  [ RunTime:0.0005s ]
INFO: [ view_parse ] --START--
INFO: [ template_filter ] --START--
INFO: Run Behavior\ContentReplaceBehavior [ RunTime:0.000138s ]
INFO: [ template_filter ] --END-- [ RunTime:0.000244s ]
NOTIC: [8] Undefined variable: data E:\www\tp\Application\Runtime\Cache\Home\5adcae01847b4cfebd278a111f8e355f.php 第 152 行.
INFO: Run Behavior\ParseTemplateBehavior [ RunTime:0.018043s ]
INFO: [ view_parse ] --END-- [ RunTime:0.018152s ]
INFO: [ view_filter ] --START--
INFO: Run Behavior\WriteHtmlCacheBehavior [ RunTime:0.000720s ]
INFO: [ view_filter ] --END-- [ RunTime:0.000808s ]
INFO: [ app_end ] --START--
INFO: Run Behavior\ShowPageTraceBehavior [ RunTime:0.001054s ]
INFO: [ app_end ] --END-- [ RunTime:0.001155s ]

[ 2016-06-24T08:22:56+08:00 ] 127.0.0.1 /index.php/Public/logout.html
INFO: [ app_init ] --START--
INFO: Run Behavior\BuildLiteBehavior [ RunTime:0.000024s ]
INFO: [ app_init ] --END-- [ RunTime:0.000816s ]
INFO: [ app_begin ] --START--
INFO: Run Behavior\ReadHtmlCacheBehavior [ RunTime:0.001043s ]
INFO: [ app_begin ] --END-- [ RunTime:0.001178s ]
INFO: [ view_parse ] --START--
INFO: [ template_filter ] --START--
INFO: Run Behavior\ContentReplaceBehavior [ RunTime:0.000070s ]
INFO: [ template_filter ] --END-- [ RunTime:0.000185s ]
INFO: Run Behavior\ParseTemplateBehavior [ RunTime:0.010018s ]
INFO: [ view_parse ] --END-- [ RunTime:0.010122s ]
INFO: [ view_filter ] --START--
INFO: Run Behavior\WriteHtmlCacheBehavior [ RunTime:0.000592s ]
INFO: [ view_filter ] --END-- [ RunTime:0.000700s ]
INFO: [ app_end ] --START--
INFO: Run Behavior\ShowPageTraceBehavior [ RunTime:0.000939s ]
INFO: [ app_end ] --END-- [ RunTime:0.001028s ]

[ 2016-06-24T08:22:59+08:00 ] 127.0.0.1 /index.php/Public/login.html
INFO: [ app_init ] --START--
INFO: Run Behavior\BuildLiteBehavior [ RunTime:0.000024s ]
INFO: [ app_init ] --END-- [ RunTime:0.000700s ]
INFO: [ app_begin ] --START--
INFO: Run Behavior\ReadHtmlCacheBehavior [ RunTime:0.000956s ]
INFO: [ app_begin ] --END-- [ RunTime:0.001086s ]
INFO: [ view_parse ] --START--
INFO: [ template_filter ] --START--
INFO: Run Behavior\ContentReplaceBehavior [ RunTime:0.000098s ]
INFO: [ template_filter ] --END-- [ RunTime:0.000222s ]
INFO: Run Behavior\ParseTemplateBehavior [ RunTime:0.010796s ]
INFO: [ view_parse ] --END-- [ RunTime:0.010913s ]
INFO: [ view_filter ] --START--
INFO: Run Behavior\WriteHtmlCacheBehavior [ RunTime:0.000623s ]
INFO: [ view_filter ] --END-- [ RunTime:0.000710s ]
INFO: [ app_end ] --START--
INFO: Run Behavior\ShowPageTraceBehavior [ RunTime:0.000936s ]
INFO: [ app_end ] --END-- [ RunTime:0.001027s ]

[ 2016-06-24T08:22:59+08:00 ] 127.0.0.1 /index.php/Home/Public/captcha
INFO: [ app_init ] --START--
INFO: Run Behavior\BuildLiteBehavior [ RunTime:0.000038s ]
INFO: [ app_init ] --END-- [ RunTime:0.001083s ]
INFO: [ app_begin ] --START--
INFO: Run Behavior\ReadHtmlCacheBehavior [ RunTime:0.001639s ]
INFO: [ app_begin ] --END-- [ RunTime:0.001840s ]
INFO: [ app_end ] --START--
INFO: Run Behavior\ShowPageTraceBehavior [ RunTime:0.001064s ]
INFO: [ app_end ] --END-- [ RunTime:0.001214s ]

[ 2016-06-24T08:26:52+08:00 ] 127.0.0.1 /index.php/Index/index.html
INFO: [ app_init ] --START--
INFO: Run Behavior\BuildLiteBehavior [ RunTime:0.000024s ]
INFO: [ app_init ] --END-- [ RunTime:0.000800s ]
INFO: [ app_begin ] --START--
INFO: Run Behavior\ReadHtmlCacheBehavior [ RunTime:0.001148s ]
INFO: [ app_begin ] --END-- [ RunTime:0.001273s ]
INFO: [ view_parse ] --START--
INFO: [ template_filter ] --START--
INFO: Run Behavior\ContentReplaceBehavior [ RunTime:0.000117s ]
INFO: [ template_filter ] --END-- [ RunTime:0.000293s ]
INFO: Run Behavior\ParseTemplateBehavior [ RunTime:0.017223s ]
INFO: [ view_parse ] --END-- [ RunTime:0.017417s ]
INFO: [ view_filter ] --START--
INFO: Run Behavior\WriteHtmlCacheBehavior [ RunTime:0.001186s ]
INFO: [ view_filter ] --END-- [ RunTime:0.001336s ]

[ 2016-06-24T08:26:55+08:00 ] 127.0.0.1 /index.php/Public/login.html
INFO: [ app_init ] --START--
INFO: Run Behavior\BuildLiteBehavior [ RunTime:0.000025s ]
INFO: [ app_init ] --END-- [ RunTime:0.000715s ]
INFO: [ app_begin ] --START--
INFO: Run Behavior\ReadHtmlCacheBehavior [ RunTime:0.000883s ]
INFO: [ app_begin ] --END-- [ RunTime:0.000988s ]
INFO: [ view_parse ] --START--
INFO: [ template_filter ] --START--
INFO: Run Behavior\ContentReplaceBehavior [ RunTime:0.000095s ]
INFO: [ template_filter ] --END-- [ RunTime:0.000230s ]
INFO: Run Behavior\ParseTemplateBehavior [ RunTime:0.014323s ]
INFO: [ view_parse ] --END-- [ RunTime:0.014457s ]
INFO: [ view_filter ] --START--
INFO: Run Behavior\WriteHtmlCacheBehavior [ RunTime:0.000848s ]
INFO: [ view_filter ] --END-- [ RunTime:0.000984s ]
INFO: [ app_end ] --START--
INFO: Run Behavior\ShowPageTraceBehavior [ RunTime:0.001807s ]
INFO: [ app_end ] --END-- [ RunTime:0.001935s ]

[ 2016-06-24T08:26:56+08:00 ] 127.0.0.1 /index.php/Home/Public/captcha
INFO: [ app_init ] --START--
INFO: Run Behavior\BuildLiteBehavior [ RunTime:0.000035s ]
INFO: [ app_init ] --END-- [ RunTime:0.001041s ]
INFO: [ app_begin ] --START--
INFO: Run Behavior\ReadHtmlCacheBehavior [ RunTime:0.001387s ]
INFO: [ app_begin ] --END-- [ RunTime:0.001554s ]
INFO: [ app_end ] --START--
INFO: Run Behavior\ShowPageTraceBehavior [ RunTime:0.001479s ]
INFO: [ app_end ] --END-- [ RunTime:0.001665s ]

[ 2016-06-24T08:29:25+08:00 ] 127.0.0.1 /index.php/Public/login.html
INFO: [ app_init ] --START--
INFO: Run Behavior\BuildLiteBehavior [ RunTime:0.000025s ]
INFO: [ app_init ] --END-- [ RunTime:0.001077s ]
INFO: [ app_begin ] --START--
INFO: Run Behavior\ReadHtmlCacheBehavior [ RunTime:0.001327s ]
INFO: [ app_begin ] --END-- [ RunTime:0.001446s ]
INFO: [ view_parse ] --START--
INFO: [ template_filter ] --START--
INFO: Run Behavior\ContentReplaceBehavior [ RunTime:0.000096s ]
INFO: [ template_filter ] --END-- [ RunTime:0.000209s ]
INFO: Run Behavior\ParseTemplateBehavior [ RunTime:0.011088s ]
INFO: [ view_parse ] --END-- [ RunTime:0.011197s ]
INFO: [ view_filter ] --START--
INFO: Run Behavior\WriteHtmlCacheBehavior [ RunTime:0.000933s ]
INFO: [ view_filter ] --END-- [ RunTime:0.001057s ]
INFO: [ app_end ] --START--
INFO: Run Behavior\ShowPageTraceBehavior [ RunTime:0.001508s ]
INFO: [ app_end ] --END-- [ RunTime:0.001658s ]

[ 2016-06-24T08:29:25+08:00 ] 127.0.0.1 /index.php/Home/Public/captcha
INFO: [ app_init ] --START--
INFO: Run Behavior\BuildLiteBehavior [ RunTime:0.000039s ]
INFO: [ app_init ] --END-- [ RunTime:0.001152s ]
INFO: [ app_begin ] --START--
INFO: Run Behavior\ReadHtmlCacheBehavior [ RunTime:0.001333s ]
INFO: [ app_begin ] --END-- [ RunTime:0.001503s ]
INFO: [ app_end ] --START--
INFO: Run Behavior\ShowPageTraceBehavior [ RunTime:0.001974s ]
INFO: [ app_end ] --END-- [ RunTime:0.002132s ]

[ 2016-06-24T08:29:42+08:00 ] 127.0.0.1 /index.php/Index/index.html
INFO: [ app_init ] --START--
INFO: Run Behavior\BuildLiteBehavior [ RunTime:0.000024s ]
INFO: [ app_init ] --END-- [ RunTime:0.000800s ]
INFO: [ app_begin ] --START--
INFO: Run Behavior\ReadHtmlCacheBehavior [ RunTime:0.001741s ]
INFO: [ app_begin ] --END-- [ RunTime:0.001940s ]
SQL: SHOW COLUMNS FROM `tp_category` [ RunTime:0.0071s ]
SQL: SELECT * FROM `tp_category`  [ RunTime:0.0006s ]
SQL: SHOW COLUMNS FROM `tp_food` [ RunTime:0.0069s ]
SQL: SELECT * FROM `tp_food` LIMIT 10   [ RunTime:0.0009s ]
SQL: SELECT * FROM `tp_food` WHERE ( is_hot = "是" )  [ RunTime:0.0008s ]
SQL: SELECT * FROM `tp_food` WHERE ( is_tese = 1 ) LIMIT 3   [ RunTime:0.0004s ]
INFO: [ view_parse ] --START--
INFO: [ template_filter ] --START--
INFO: Run Behavior\ContentReplaceBehavior [ RunTime:0.000201s ]
INFO: [ template_filter ] --END-- [ RunTime:0.000408s ]
NOTIC: [8] Undefined index: fusername E:\www\tp\Application\Runtime\Cache\Home\2a94b8bda04ff446dcedd42276fc99ee.php 第 25 行.
INFO: Run Behavior\ParseTemplateBehavior [ RunTime:0.031885s ]
INFO: [ view_parse ] --END-- [ RunTime:0.032032s ]
INFO: [ view_filter ] --START--
INFO: Run Behavior\WriteHtmlCacheBehavior [ RunTime:0.000805s ]
INFO: [ view_filter ] --END-- [ RunTime:0.000890s ]
INFO: [ app_end ] --START--
INFO: Run Behavior\ShowPageTraceBehavior [ RunTime:0.001724s ]
INFO: [ app_end ] --END-- [ RunTime:0.001871s ]

[ 2016-06-24T08:29:43+08:00 ] 127.0.0.1 /Public/css/jcarousel.css
INFO: [ app_init ] --START--
INFO: Run Behavior\BuildLiteBehavior [ RunTime:0.000024s ]
INFO: [ app_init ] --END-- [ RunTime:0.000722s ]
INFO: [ app_begin ] --START--
INFO: Run Behavior\ReadHtmlCacheBehavior [ RunTime:0.001647s ]
INFO: [ app_begin ] --END-- [ RunTime:0.001794s ]
ERR: 非法操作:css

[ 2016-06-24T08:29:43+08:00 ] 127.0.0.1 /Public/Home/images/main-menu-right.png
INFO: [ app_init ] --START--
INFO: Run Behavior\BuildLiteBehavior [ RunTime:0.000037s ]
INFO: [ app_init ] --END-- [ RunTime:0.001136s ]

[ 2016-06-24T08:30:04+08:00 ] 127.0.0.1 /Public/Home/images/slider-item.png
INFO: [ app_init ] --START--
INFO: Run Behavior\BuildLiteBehavior [ RunTime:0.000040s ]
INFO: [ app_init ] --END-- [ RunTime:0.001832s ]

[ 2016-06-24T08:30:37+08:00 ] 127.0.0.1 /index.php/Home/Index/addCart/id/40
INFO: [ app_init ] --START--
INFO: Run Behavior\BuildLiteBehavior [ RunTime:0.000053s ]
INFO: [ app_init ] --END-- [ RunTime:0.001681s ]
INFO: [ app_begin ] --START--
INFO: Run Behavior\ReadHtmlCacheBehavior [ RunTime:0.001701s ]
INFO: [ app_begin ] --END-- [ RunTime:0.001907s ]
SQL: SHOW COLUMNS FROM `tp_food` [ RunTime:0.0071s ]
SQL: SELECT * FROM `tp_food` WHERE `id` = 40 LIMIT 1   [ RunTime:0.0007s ]
SQL: SHOW COLUMNS FROM `tp_category` [ RunTime:0.0076s ]
SQL: SELECT * FROM `tp_category` WHERE ( id = 8 ) LIMIT 1   [ RunTime:0.0005s ]
SQL: SHOW COLUMNS FROM `tp_cart` [ RunTime:0.0103s ]
SQL: INSERT INTO `tp_cart` (`name`,`picture`,`price`,`sprice`,`about`,`category_id`) VALUES ('鸳鸯蒸饺','/Public/Uploads/2016-06-23/576c03ba77800.jpg','12','12','樱花季吃荠菜饺子咱也要萌萌哒臭美一下，做个鸳鸯饺子摆成花朵一样，让我们的生活美美哒！','饺子') [ RunTime:0.0860s ]
INFO: [ view_parse ] --START--
INFO: [ template_filter ] --START--
INFO: Run Behavior\ContentReplaceBehavior [ RunTime:0.000114s ]
INFO: [ template_filter ] --END-- [ RunTime:0.000285s ]
INFO: Run Behavior\ParseTemplateBehavior [ RunTime:0.017060s ]
INFO: [ view_parse ] --END-- [ RunTime:0.017240s ]
INFO: [ view_filter ] --START--
INFO: Run Behavior\WriteHtmlCacheBehavior [ RunTime:0.001484s ]
INFO: [ view_filter ] --END-- [ RunTime:0.001640s ]
INFO: [ app_end ] --START--
INFO: Run Behavior\ShowPageTraceBehavior [ RunTime:0.002869s ]
INFO: [ app_end ] --END-- [ RunTime:0.003088s ]

[ 2016-06-24T08:30:40+08:00 ] 127.0.0.1 /index.php/Cart/cart.html
INFO: [ app_init ] --START--
INFO: Run Behavior\BuildLiteBehavior [ RunTime:0.000023s ]
INFO: [ app_init ] --END-- [ RunTime:0.000693s ]
INFO: [ app_begin ] --START--
INFO: Run Behavior\ReadHtmlCacheBehavior [ RunTime:0.000908s ]
INFO: [ app_begin ] --END-- [ RunTime:0.001016s ]
INFO: [ view_parse ] --START--
INFO: [ template_filter ] --START--
INFO: Run Behavior\ContentReplaceBehavior [ RunTime:0.000077s ]
INFO: [ template_filter ] --END-- [ RunTime:0.000187s ]
INFO: Run Behavior\ParseTemplateBehavior [ RunTime:0.008861s ]
INFO: [ view_parse ] --END-- [ RunTime:0.008964s ]
INFO: [ view_filter ] --START--
INFO: Run Behavior\WriteHtmlCacheBehavior [ RunTime:0.000559s ]
INFO: [ view_filter ] --END-- [ RunTime:0.000641s ]

[ 2016-06-24T08:30:43+08:00 ] 127.0.0.1 /index.php/Public/login.html
INFO: [ app_init ] --START--
INFO: Run Behavior\BuildLiteBehavior [ RunTime:0.000025s ]
INFO: [ app_init ] --END-- [ RunTime:0.000698s ]
INFO: [ app_begin ] --START--
INFO: Run Behavior\ReadHtmlCacheBehavior [ RunTime:0.001044s ]
INFO: [ app_begin ] --END-- [ RunTime:0.001154s ]
INFO: [ view_parse ] --START--
INFO: [ template_filter ] --START--
INFO: Run Behavior\ContentReplaceBehavior [ RunTime:0.000093s ]
INFO: [ template_filter ] --END-- [ RunTime:0.000200s ]
INFO: Run Behavior\ParseTemplateBehavior [ RunTime:0.012317s ]
INFO: [ view_parse ] --END-- [ RunTime:0.012415s ]
INFO: [ view_filter ] --START--
INFO: Run Behavior\WriteHtmlCacheBehavior [ RunTime:0.000589s ]
INFO: [ view_filter ] --END-- [ RunTime:0.000670s ]
INFO: [ app_end ] --START--
INFO: Run Behavior\ShowPageTraceBehavior [ RunTime:0.000899s ]
INFO: [ app_end ] --END-- [ RunTime:0.000986s ]

[ 2016-06-24T08:30:43+08:00 ] 127.0.0.1 /index.php/Home/Public/captcha
INFO: [ app_init ] --START--
INFO: Run Behavior\BuildLiteBehavior [ RunTime:0.000038s ]
INFO: [ app_init ] --END-- [ RunTime:0.001086s ]
INFO: [ app_begin ] --START--
INFO: Run Behavior\ReadHtmlCacheBehavior [ RunTime:0.001427s ]
INFO: [ app_begin ] --END-- [ RunTime:0.001600s ]
INFO: [ app_end ] --START--
INFO: Run Behavior\ShowPageTraceBehavior [ RunTime:0.001762s ]
INFO: [ app_end ] --END-- [ RunTime:0.001968s ]

[ 2016-06-24T08:31:30+08:00 ] 127.0.0.1 /index.php/Public/login.html
INFO: [ app_init ] --START--
INFO: Run Behavior\BuildLiteBehavior [ RunTime:0.000024s ]
INFO: [ app_init ] --END-- [ RunTime:0.000748s ]
INFO: [ app_begin ] --START--
INFO: Run Behavior\ReadHtmlCacheBehavior [ RunTime:0.001060s ]
INFO: [ app_begin ] --END-- [ RunTime:0.001155s ]
INFO: [ view_parse ] --START--
INFO: [ template_filter ] --START--
INFO: Run Behavior\ContentReplaceBehavior [ RunTime:0.000094s ]
INFO: [ template_filter ] --END-- [ RunTime:0.000200s ]
INFO: Run Behavior\ParseTemplateBehavior [ RunTime:0.009944s ]
INFO: [ view_parse ] --END-- [ RunTime:0.010039s ]
INFO: [ view_filter ] --START--
INFO: Run Behavior\WriteHtmlCacheBehavior [ RunTime:0.000684s ]
INFO: [ view_filter ] --END-- [ RunTime:0.000764s ]
INFO: [ app_end ] --START--
INFO: Run Behavior\ShowPageTraceBehavior [ RunTime:0.001119s ]
INFO: [ app_end ] --END-- [ RunTime:0.001205s ]

[ 2016-06-24T08:31:30+08:00 ] 127.0.0.1 /index.php/Home/Public/captcha
INFO: [ app_init ] --START--
INFO: Run Behavior\BuildLiteBehavior [ RunTime:0.000036s ]
INFO: [ app_init ] --END-- [ RunTime:0.001127s ]
INFO: [ app_begin ] --START--
INFO: Run Behavior\ReadHtmlCacheBehavior [ RunTime:0.001335s ]
INFO: [ app_begin ] --END-- [ RunTime:0.001495s ]
INFO: [ app_end ] --START--
INFO: Run Behavior\ShowPageTraceBehavior [ RunTime:0.001550s ]
INFO: [ app_end ] --END-- [ RunTime:0.001726s ]

[ 2016-06-24T08:31:44+08:00 ] 127.0.0.1 /index.php/Public/index.html
INFO: [ app_init ] --START--
INFO: Run Behavior\BuildLiteBehavior [ RunTime:0.000025s ]
INFO: [ app_init ] --END-- [ RunTime:0.000727s ]
INFO: [ app_begin ] --START--
INFO: Run Behavior\ReadHtmlCacheBehavior [ RunTime:0.000862s ]
INFO: [ app_begin ] --END-- [ RunTime:0.000965s ]
SQL: SHOW COLUMNS FROM `tp_fuser` [ RunTime:0.0059s ]
SQL: SELECT * FROM `tp_fuser` WHERE ( username = 'tt' ) LIMIT 1   [ RunTime:0.0005s ]
SQL: SELECT * FROM `tp_fuser` WHERE ( password = 'tt' ) LIMIT 1   [ RunTime:0.0004s ]
INFO: [ view_parse ] --START--
INFO: [ template_filter ] --START--
INFO: Run Behavior\ContentReplaceBehavior [ RunTime:0.000078s ]
INFO: [ template_filter ] --END-- [ RunTime:0.000198s ]
INFO: Run Behavior\ParseTemplateBehavior [ RunTime:0.009923s ]
INFO: [ view_parse ] --END-- [ RunTime:0.010075s ]
INFO: [ view_filter ] --START--
INFO: Run Behavior\WriteHtmlCacheBehavior [ RunTime:0.000559s ]
INFO: [ view_filter ] --END-- [ RunTime:0.000643s ]
INFO: [ app_end ] --START--
INFO: Run Behavior\ShowPageTraceBehavior [ RunTime:0.001173s ]
INFO: [ app_end ] --END-- [ RunTime:0.001293s ]

[ 2016-06-24T08:31:47+08:00 ] 127.0.0.1 /index.php/Index/index.html
INFO: [ app_init ] --START--
INFO: Run Behavior\BuildLiteBehavior [ RunTime:0.000033s ]
INFO: [ app_init ] --END-- [ RunTime:0.000839s ]
INFO: [ app_begin ] --START--
INFO: Run Behavior\ReadHtmlCacheBehavior [ RunTime:0.000923s ]
INFO: [ app_begin ] --END-- [ RunTime:0.001031s ]
SQL: SHOW COLUMNS FROM `tp_category` [ RunTime:0.0058s ]
SQL: SELECT * FROM `tp_category`  [ RunTime:0.0004s ]
SQL: SHOW COLUMNS FROM `tp_food` [ RunTime:0.0057s ]
SQL: SELECT * FROM `tp_food` LIMIT 10   [ RunTime:0.0010s ]
SQL: SELECT * FROM `tp_food` WHERE ( is_hot = "是" )  [ RunTime:0.0011s ]
SQL: SELECT * FROM `tp_food` WHERE ( is_tese = 1 ) LIMIT 3   [ RunTime:0.0005s ]
INFO: [ view_parse ] --START--
INFO: [ template_filter ] --START--
INFO: Run Behavior\ContentReplaceBehavior [ RunTime:0.000191s ]
INFO: [ template_filter ] --END-- [ RunTime:0.000380s ]
INFO: Run Behavior\ParseTemplateBehavior [ RunTime:0.025714s ]
INFO: [ view_parse ] --END-- [ RunTime:0.025833s ]
INFO: [ view_filter ] --START--
INFO: Run Behavior\WriteHtmlCacheBehavior [ RunTime:0.000567s ]
INFO: [ view_filter ] --END-- [ RunTime:0.000650s ]
INFO: [ app_end ] --START--
INFO: Run Behavior\ShowPageTraceBehavior [ RunTime:0.000950s ]
INFO: [ app_end ] --END-- [ RunTime:0.001041s ]

[ 2016-06-24T08:31:47+08:00 ] 127.0.0.1 /Public/css/jcarousel.css
INFO: [ app_init ] --START--
INFO: Run Behavior\BuildLiteBehavior [ RunTime:0.000025s ]
INFO: [ app_init ] --END-- [ RunTime:0.000834s ]
INFO: [ app_begin ] --START--
INFO: Run Behavior\ReadHtmlCacheBehavior [ RunTime:0.001205s ]
INFO: [ app_begin ] --END-- [ RunTime:0.001334s ]
ERR: 非法操作:css

[ 2016-06-24T08:31:47+08:00 ] 127.0.0.1 /Public/Home/images/main-menu-right.png
INFO: [ app_init ] --START--
INFO: Run Behavior\BuildLiteBehavior [ RunTime:0.000036s ]
INFO: [ app_init ] --END-- [ RunTime:0.000969s ]

[ 2016-06-24T08:32:08+08:00 ] 127.0.0.1 /Public/Home/images/slider-item.png
INFO: [ app_init ] --START--
INFO: Run Behavior\BuildLiteBehavior [ RunTime:0.000024s ]
INFO: [ app_init ] --END-- [ RunTime:0.000725s ]

[ 2016-06-24T08:32:20+08:00 ] 127.0.0.1 /index.php/Index/index.html
INFO: [ app_init ] --START--
INFO: Run Behavior\BuildLiteBehavior [ RunTime:0.000039s ]
INFO: [ app_init ] --END-- [ RunTime:0.001175s ]
INFO: [ app_begin ] --START--
INFO: Run Behavior\ReadHtmlCacheBehavior [ RunTime:0.001269s ]
INFO: [ app_begin ] --END-- [ RunTime:0.001384s ]
SQL: SHOW COLUMNS FROM `tp_category` [ RunTime:0.0054s ]
SQL: SELECT * FROM `tp_category`  [ RunTime:0.0004s ]
SQL: SHOW COLUMNS FROM `tp_food` [ RunTime:0.0049s ]
SQL: SELECT * FROM `tp_food` LIMIT 10   [ RunTime:0.0009s ]
SQL: SELECT * FROM `tp_food` WHERE ( is_hot = "是" )  [ RunTime:0.0013s ]
SQL: SELECT * FROM `tp_food` WHERE ( is_tese = 1 ) LIMIT 3   [ RunTime:0.0005s ]
INFO: [ view_parse ] --START--
INFO: [ template_filter ] --START--
INFO: Run Behavior\ContentReplaceBehavior [ RunTime:0.000149s ]
INFO: [ template_filter ] --END-- [ RunTime:0.000312s ]
INFO: Run Behavior\ParseTemplateBehavior [ RunTime:0.022735s ]
INFO: [ view_parse ] --END-- [ RunTime:0.022851s ]
INFO: [ view_filter ] --START--
INFO: Run Behavior\WriteHtmlCacheBehavior [ RunTime:0.000599s ]
INFO: [ view_filter ] --END-- [ RunTime:0.000683s ]
INFO: [ app_end ] --START--
INFO: Run Behavior\ShowPageTraceBehavior [ RunTime:0.001024s ]
INFO: [ app_end ] --END-- [ RunTime:0.001122s ]

[ 2016-06-24T08:32:21+08:00 ] 127.0.0.1 /Public/css/jcarousel.css
INFO: [ app_init ] --START--
INFO: Run Behavior\BuildLiteBehavior [ RunTime:0.000043s ]
INFO: [ app_init ] --END-- [ RunTime:0.001385s ]
INFO: [ app_begin ] --START--
INFO: Run Behavior\ReadHtmlCacheBehavior [ RunTime:0.001743s ]
INFO: [ app_begin ] --END-- [ RunTime:0.001922s ]
ERR: 非法操作:css

[ 2016-06-24T08:32:52+08:00 ] 127.0.0.1 /index.php/Cart/cart.html
INFO: [ app_init ] --START--
INFO: Run Behavior\BuildLiteBehavior [ RunTime:0.000024s ]
INFO: [ app_init ] --END-- [ RunTime:0.000728s ]
INFO: [ app_begin ] --START--
INFO: Run Behavior\ReadHtmlCacheBehavior [ RunTime:0.000910s ]
INFO: [ app_begin ] --END-- [ RunTime:0.001021s ]
NOTIC: [8] Undefined index: AUTH E:\www\tp\Application\Home\Controller\CommonController.class.php 第 17 行.
SQL: SHOW COLUMNS FROM `tp_cart` [ RunTime:0.0099s ]
SQL: SELECT SUM(sprice) AS tp_sum FROM `tp_cart` LIMIT 1   [ RunTime:0.0011s ]
SQL: SELECT SUM(num) AS tp_sum FROM `tp_cart` LIMIT 1   [ RunTime:0.0005s ]
SQL: SELECT * FROM `tp_cart`  [ RunTime:0.0007s ]
INFO: [ view_parse ] --START--
INFO: [ template_filter ] --START--
INFO: Run Behavior\ContentReplaceBehavior [ RunTime:0.000258s ]
INFO: [ template_filter ] --END-- [ RunTime:0.000439s ]
NOTIC: [8] Undefined variable: data E:\www\tp\Application\Runtime\Cache\Home\5adcae01847b4cfebd278a111f8e355f.php 第 152 行.
INFO: Run Behavior\ParseTemplateBehavior [ RunTime:0.036253s ]
INFO: [ view_parse ] --END-- [ RunTime:0.036413s ]
INFO: [ view_filter ] --START--
INFO: Run Behavior\WriteHtmlCacheBehavior [ RunTime:0.000923s ]
INFO: [ view_filter ] --END-- [ RunTime:0.001069s ]
INFO: [ app_end ] --START--
INFO: Run Behavior\ShowPageTraceBehavior [ RunTime:0.002110s ]
INFO: [ app_end ] --END-- [ RunTime:0.002277s ]

[ 2016-06-24T08:32:52+08:00 ] 127.0.0.1 /Public/css/jcarousel.css
INFO: [ app_init ] --START--
INFO: Run Behavior\BuildLiteBehavior [ RunTime:0.000034s ]
INFO: [ app_init ] --END-- [ RunTime:0.000855s ]
INFO: [ app_begin ] --START--
INFO: Run Behavior\ReadHtmlCacheBehavior [ RunTime:0.001419s ]
INFO: [ app_begin ] --END-- [ RunTime:0.001587s ]
ERR: 非法操作:css

[ 2016-06-24T08:32:52+08:00 ] 127.0.0.1 /Public/Home/images/product-menu-dot-bg.gif
INFO: [ app_init ] --START--
INFO: Run Behavior\BuildLiteBehavior [ RunTime:0.000039s ]
INFO: [ app_init ] --END-- [ RunTime:0.000861s ]

[ 2016-06-24T08:55:42+08:00 ] 127.0.0.1 /favicon.ico
INFO: [ app_init ] --START--
INFO: Run Behavior\BuildLiteBehavior [ RunTime:0.000024s ]
INFO: [ app_init ] --END-- [ RunTime:0.001158s ]

[ 2016-06-24T08:55:45+08:00 ] 127.0.0.1 /
INFO: [ app_init ] --START--
INFO: Run Behavior\BuildLiteBehavior [ RunTime:0.000025s ]
INFO: [ app_init ] --END-- [ RunTime:0.000717s ]
INFO: [ app_begin ] --START--
INFO: Run Behavior\ReadHtmlCacheBehavior [ RunTime:0.064800s ]
INFO: [ app_begin ] --END-- [ RunTime:0.064939s ]
ERR: 无法加载控制器:Index

[ 2016-06-24T08:55:46+08:00 ] 127.0.0.1 /favicon.ico
INFO: [ app_init ] --START--
INFO: Run Behavior\BuildLiteBehavior [ RunTime:0.000024s ]
INFO: [ app_init ] --END-- [ RunTime:0.000694s ]

[ 2016-06-24T08:58:38+08:00 ] 127.0.0.1 /
INFO: [ app_init ] --START--
INFO: Run Behavior\BuildLiteBehavior [ RunTime:0.000032s ]
INFO: [ app_init ] --END-- [ RunTime:0.000977s ]
INFO: [ app_begin ] --START--
INFO: Run Behavior\ReadHtmlCacheBehavior [ RunTime:0.001352s ]
INFO: [ app_begin ] --END-- [ RunTime:0.001479s ]
ERR: 无法加载控制器:Index

[ 2016-06-24T09:05:44+08:00 ] 127.0.0.1 /
INFO: [ app_init ] --START--
INFO: Run Behavior\BuildLiteBehavior [ RunTime:0.000025s ]
INFO: [ app_init ] --END-- [ RunTime:0.000814s ]
INFO: [ app_begin ] --START--
INFO: Run Behavior\ReadHtmlCacheBehavior [ RunTime:0.001565s ]
INFO: [ app_begin ] --END-- [ RunTime:0.001715s ]
ERR: 无法加载控制器:Index

[ 2016-06-24T09:05:47+08:00 ] 127.0.0.1 /
INFO: [ app_init ] --START--
INFO: Run Behavior\BuildLiteBehavior [ RunTime:0.000037s ]
INFO: [ app_init ] --END-- [ RunTime:0.001095s ]
INFO: [ app_begin ] --START--
INFO: Run Behavior\ReadHtmlCacheBehavior [ RunTime:0.001845s ]
INFO: [ app_begin ] --END-- [ RunTime:0.002051s ]
ERR: 无法加载控制器:Index

[ 2016-06-24T09:12:54+08:00 ] 127.0.0.1 /favicon.ico
INFO: [ app_init ] --START--
INFO: Run Behavior\BuildLiteBehavior [ RunTime:0.000035s ]
INFO: [ app_init ] --END-- [ RunTime:0.001209s ]

[ 2016-06-24T09:12:56+08:00 ] 127.0.0.1 /
INFO: [ app_init ] --START--
INFO: Run Behavior\BuildLiteBehavior [ RunTime:0.000042s ]
INFO: [ app_init ] --END-- [ RunTime:0.000826s ]
INFO: [ app_begin ] --START--
INFO: Run Behavior\ReadHtmlCacheBehavior [ RunTime:0.002074s ]
INFO: [ app_begin ] --END-- [ RunTime:0.002260s ]
INFO: [ view_parse ] --START--
INFO: Run Behavior\ParseTemplateBehavior [ RunTime:0.035469s ]
INFO: [ view_parse ] --END-- [ RunTime:0.035624s ]
INFO: [ view_filter ] --START--
INFO: Run Behavior\WriteHtmlCacheBehavior [ RunTime:0.006144s ]
INFO: [ view_filter ] --END-- [ RunTime:0.006254s ]
INFO: [ app_end ] --START--
INFO: Run Behavior\ShowPageTraceBehavior [ RunTime:0.001510s ]
INFO: [ app_end ] --END-- [ RunTime:0.001622s ]

[ 2016-06-24T09:33:44+08:00 ] 127.0.0.1 /
INFO: [ app_init ] --START--
INFO: Run Behavior\BuildLiteBehavior [ RunTime:0.000028s ]
INFO: [ app_init ] --END-- [ RunTime:0.000827s ]
INFO: [ app_begin ] --START--
INFO: Run Behavior\ReadHtmlCacheBehavior [ RunTime:0.001173s ]
INFO: [ app_begin ] --END-- [ RunTime:0.001307s ]
INFO: [ view_parse ] --START--
INFO: Run Behavior\ParseTemplateBehavior [ RunTime:0.000952s ]
INFO: [ view_parse ] --END-- [ RunTime:0.001074s ]
INFO: [ view_filter ] --START--
INFO: Run Behavior\WriteHtmlCacheBehavior [ RunTime:0.000728s ]
INFO: [ view_filter ] --END-- [ RunTime:0.000816s ]
INFO: [ app_end ] --START--
INFO: Run Behavior\ShowPageTraceBehavior [ RunTime:0.001044s ]
INFO: [ app_end ] --END-- [ RunTime:0.001130s ]

[ 2016-06-24T09:49:22+08:00 ] 127.0.0.1 /
INFO: [ app_init ] --START--
INFO: Run Behavior\BuildLiteBehavior [ RunTime:0.000031s ]
INFO: [ app_init ] --END-- [ RunTime:0.000866s ]
INFO: [ app_begin ] --START--
INFO: Run Behavior\ReadHtmlCacheBehavior [ RunTime:0.001129s ]
INFO: [ app_begin ] --END-- [ RunTime:0.001245s ]
INFO: [ app_end ] --START--
INFO: Run Behavior\ShowPageTraceBehavior [ RunTime:0.001049s ]
INFO: [ app_end ] --END-- [ RunTime:0.001152s ]

[ 2016-06-24T10:05:55+08:00 ] 127.0.0.1 /favicon.ico
INFO: [ app_init ] --START--
INFO: Run Behavior\BuildLiteBehavior [ RunTime:0.000038s ]
INFO: [ app_init ] --END-- [ RunTime:0.001160s ]

[ 2016-06-24T10:06:12+08:00 ] 127.0.0.1 /home-index-index.html
INFO: [ app_init ] --START--
INFO: Run Behavior\BuildLiteBehavior [ RunTime:0.000037s ]
INFO: [ app_init ] --END-- [ RunTime:0.001115s ]
INFO: [ app_begin ] --START--
INFO: Run Behavior\ReadHtmlCacheBehavior [ RunTime:0.001643s ]
INFO: [ app_begin ] --END-- [ RunTime:0.001805s ]
INFO: [ app_end ] --START--
INFO: Run Behavior\ShowPageTraceBehavior [ RunTime:0.001738s ]
INFO: [ app_end ] --END-- [ RunTime:0.001918s ]

[ 2016-06-24T10:06:23+08:00 ] 127.0.0.1 /home-index-index.html
INFO: [ app_init ] --START--
INFO: Run Behavior\BuildLiteBehavior [ RunTime:0.000025s ]
INFO: [ app_init ] --END-- [ RunTime:0.001001s ]
INFO: [ app_begin ] --START--
INFO: Run Behavior\ReadHtmlCacheBehavior [ RunTime:0.001236s ]
INFO: [ app_begin ] --END-- [ RunTime:0.001373s ]
INFO: [ app_end ] --START--
INFO: Run Behavior\ShowPageTraceBehavior [ RunTime:0.001179s ]
INFO: [ app_end ] --END-- [ RunTime:0.001289s ]

[ 2016-06-24T10:22:19+08:00 ] 127.0.0.1 /favicon.ico
INFO: [ app_init ] --START--
INFO: Run Behavior\BuildLiteBehavior [ RunTime:0.000024s ]
INFO: [ app_init ] --END-- [ RunTime:0.000761s ]

[ 2016-06-24T10:53:24+08:00 ] 127.0.0.1 /favicon.ico
INFO: [ app_init ] --START--
INFO: Run Behavior\BuildLiteBehavior [ RunTime:0.000039s ]
INFO: [ app_init ] --END-- [ RunTime:0.001435s ]

[ 2016-06-24T11:15:30+08:00 ] 127.0.0.1 /catelist.html
INFO: [ app_init ] --START--
INFO: Run Behavior\BuildLiteBehavior [ RunTime:0.000038s ]
INFO: [ app_init ] --END-- [ RunTime:0.001682s ]
INFO: [ app_begin ] --START--
INFO: Run Behavior\ReadHtmlCacheBehavior [ RunTime:0.002186s ]
INFO: [ app_begin ] --END-- [ RunTime:0.002444s ]
ERR: 无法加载控制器:Catelist

[ 2016-06-24T11:15:37+08:00 ] 127.0.0.1 /favicon.ico
INFO: [ app_init ] --START--
INFO: Run Behavior\BuildLiteBehavior [ RunTime:0.000041s ]
INFO: [ app_init ] --END-- [ RunTime:0.001176s ]

[ 2016-06-24T11:20:39+08:00 ] 127.0.0.1 /catelist.html
INFO: [ app_init ] --START--
INFO: Run Behavior\BuildLiteBehavior [ RunTime:0.000042s ]
INFO: [ app_init ] --END-- [ RunTime:0.001580s ]
INFO: [ app_begin ] --START--
INFO: Run Behavior\ReadHtmlCacheBehavior [ RunTime:0.001653s ]
INFO: [ app_begin ] --END-- [ RunTime:0.001835s ]
ERR: 无法加载控制器:Catelist

[ 2016-06-24T11:25:57+08:00 ] 127.0.0.1 /favicon.ico
INFO: [ app_init ] --START--
INFO: Run Behavior\BuildLiteBehavior [ RunTime:0.000036s ]
INFO: [ app_init ] --END-- [ RunTime:0.001169s ]

[ 2016-06-24T14:47:04+08:00 ] 127.0.0.1 /favicon.ico
INFO: [ app_init ] --START--
INFO: Run Behavior\BuildLiteBehavior [ RunTime:0.000027s ]
INFO: [ app_init ] --END-- [ RunTime:0.001526s ]

[ 2016-06-24T15:03:03+08:00 ] 127.0.0.1 /favicon.ico
INFO: [ app_init ] --START--
INFO: Run Behavior\BuildLiteBehavior [ RunTime:0.000039s ]
INFO: [ app_init ] --END-- [ RunTime:0.001128s ]

[ 2016-06-24T15:03:19+08:00 ] 127.0.0.1 /app/view/js/jquery-1.4.2.min.js
INFO: [ app_init ] --START--
INFO: Run Behavior\BuildLiteBehavior [ RunTime:0.000024s ]
INFO: [ app_init ] --END-- [ RunTime:0.000675s ]
INFO: [ app_begin ] --START--
INFO: Run Behavior\ReadHtmlCacheBehavior [ RunTime:0.000885s ]
INFO: [ app_begin ] --END-- [ RunTime:0.000981s ]
ERR: 无法加载控制器:App/view/js/jquery

[ 2016-06-24T15:05:31+08:00 ] 127.0.0.1 /app/view/js/jquery-1.4.2.min.js
INFO: [ app_init ] --START--
INFO: Run Behavior\BuildLiteBehavior [ RunTime:0.000023s ]
INFO: [ app_init ] --END-- [ RunTime:0.000663s ]
INFO: [ app_begin ] --START--
INFO: Run Behavior\ReadHtmlCacheBehavior [ RunTime:0.001185s ]
INFO: [ app_begin ] --END-- [ RunTime:0.001312s ]
ERR: 无法加载控制器:App/view/js/jquery

[ 2016-06-24T15:06:08+08:00 ] 127.0.0.1 /app/view/js/jquery-1.4.2.min.js
INFO: [ app_init ] --START--
INFO: Run Behavior\BuildLiteBehavior [ RunTime:0.000037s ]
INFO: [ app_init ] --END-- [ RunTime:0.001083s ]
INFO: [ app_begin ] --START--
INFO: Run Behavior\ReadHtmlCacheBehavior [ RunTime:0.001381s ]
INFO: [ app_begin ] --END-- [ RunTime:0.001561s ]
ERR: 无法加载控制器:App/view/js/jquery

[ 2016-06-24T15:40:15+08:00 ] 127.0.0.1 /favicon.ico
INFO: [ app_init ] --START--
INFO: Run Behavior\BuildLiteBehavior [ RunTime:0.000040s ]
INFO: [ app_init ] --END-- [ RunTime:0.000930s ]

[ 2016-06-24T18:35:33+08:00 ] 127.0.0.1 /favicon.ico
INFO: [ app_init ] --START--
INFO: Run Behavior\BuildLiteBehavior [ RunTime:0.000023s ]
INFO: [ app_init ] --END-- [ RunTime:0.000697s ]

[ 2016-06-24T18:36:00+08:00 ] 127.0.0.1 /app/view/js/jquery-1.4.2.min.js
INFO: [ app_init ] --START--
INFO: Run Behavior\BuildLiteBehavior [ RunTime:0.000023s ]
INFO: [ app_init ] --END-- [ RunTime:0.000674s ]
INFO: [ app_begin ] --START--
INFO: Run Behavior\ReadHtmlCacheBehavior [ RunTime:0.000943s ]
INFO: [ app_begin ] --END-- [ RunTime:0.001081s ]
ERR: 无法加载控制器:App/view/js/jquery

[ 2016-06-24T18:37:13+08:00 ] 127.0.0.1 /app/view/js/jquery-1.4.2.min.js
INFO: [ app_init ] --START--
INFO: Run Behavior\BuildLiteBehavior [ RunTime:0.000022s ]
INFO: [ app_init ] --END-- [ RunTime:0.000697s ]
INFO: [ app_begin ] --START--
INFO: Run Behavior\ReadHtmlCacheBehavior [ RunTime:0.001207s ]
INFO: [ app_begin ] --END-- [ RunTime:0.001372s ]
ERR: 无法加载控制器:App/view/js/jquery

[ 2016-06-24T18:38:23+08:00 ] 127.0.0.1 /app/view/js/jquery-1.4.2.min.js
INFO: [ app_init ] --START--
INFO: Run Behavior\BuildLiteBehavior [ RunTime:0.000025s ]
INFO: [ app_init ] --END-- [ RunTime:0.000767s ]
INFO: [ app_begin ] --START--
INFO: Run Behavior\ReadHtmlCacheBehavior [ RunTime:0.000917s ]
INFO: [ app_begin ] --END-- [ RunTime:0.001017s ]
ERR: 无法加载控制器:App/view/js/jquery

[ 2016-06-24T20:15:00+08:00 ] 127.0.0.1 /favicon.ico
INFO: [ app_init ] --START--
INFO: Run Behavior\BuildLiteBehavior [ RunTime:0.000025s ]
INFO: [ app_init ] --END-- [ RunTime:0.000725s ]

[ 2016-06-24T22:29:33+08:00 ] 127.0.0.1 /favicon.ico
INFO: [ app_init ] --START--
INFO: Run Behavior\BuildLiteBehavior [ RunTime:0.000026s ]
INFO: [ app_init ] --END-- [ RunTime:0.000625s ]

[ 2016-06-24T22:52:22+08:00 ] 127.0.0.1 /app/view/js/jquery-1.4.2.min.js
INFO: [ app_init ] --START--
INFO: Run Behavior\BuildLiteBehavior [ RunTime:0.000027s ]
INFO: [ app_init ] --END-- [ RunTime:0.000652s ]
INFO: [ app_begin ] --START--
INFO: Run Behavior\ReadHtmlCacheBehavior [ RunTime:0.000788s ]
INFO: [ app_begin ] --END-- [ RunTime:0.000890s ]
ERR: 无法加载控制器:App/view/js/jquery

[ 2016-06-24T22:52:26+08:00 ] 127.0.0.1 /app/view/js/jquery-1.4.2.min.js
INFO: [ app_init ] --START--
INFO: Run Behavior\BuildLiteBehavior [ RunTime:0.000035s ]
INFO: [ app_init ] --END-- [ RunTime:0.000908s ]
INFO: [ app_begin ] --START--
INFO: Run Behavior\ReadHtmlCacheBehavior [ RunTime:0.001276s ]
INFO: [ app_begin ] --END-- [ RunTime:0.001451s ]
ERR: 无法加载控制器:App/view/js/jquery

[ 2016-06-24T22:55:58+08:00 ] 127.0.0.1 /app/view/js/jquery-1.4.2.min.js
INFO: [ app_init ] --START--
INFO: Run Behavior\BuildLiteBehavior [ RunTime:0.000025s ]
INFO: [ app_init ] --END-- [ RunTime:0.000592s ]
INFO: [ app_begin ] --START--
INFO: Run Behavior\ReadHtmlCacheBehavior [ RunTime:0.000772s ]
INFO: [ app_begin ] --END-- [ RunTime:0.000869s ]
ERR: 无法加载控制器:App/view/js/jquery

[ 2016-06-24T22:56:55+08:00 ] 127.0.0.1 /app/view/js/jquery-1.4.2.min.js
INFO: [ app_init ] --START--
INFO: Run Behavior\BuildLiteBehavior [ RunTime:0.000024s ]
INFO: [ app_init ] --END-- [ RunTime:0.000597s ]
INFO: [ app_begin ] --START--
INFO: Run Behavior\ReadHtmlCacheBehavior [ RunTime:0.001054s ]
INFO: [ app_begin ] --END-- [ RunTime:0.001185s ]
ERR: 无法加载控制器:App/view/js/jquery

[ 2016-06-24T22:59:26+08:00 ] 127.0.0.1 /app/view/js/jquery-1.4.2.min.js
INFO: [ app_init ] --START--
INFO: Run Behavior\BuildLiteBehavior [ RunTime:0.000025s ]
INFO: [ app_init ] --END-- [ RunTime:0.000857s ]
INFO: [ app_begin ] --START--
INFO: Run Behavior\ReadHtmlCacheBehavior [ RunTime:0.000846s ]
INFO: [ app_begin ] --END-- [ RunTime:0.000974s ]
ERR: 无法加载控制器:App/view/js/jquery

[ 2016-06-24T23:01:02+08:00 ] 127.0.0.1 /app/view/js/jquery-1.4.2.min.js
INFO: [ app_init ] --START--
INFO: Run Behavior\BuildLiteBehavior [ RunTime:0.000024s ]
INFO: [ app_init ] --END-- [ RunTime:0.000611s ]
INFO: [ app_begin ] --START--
INFO: Run Behavior\ReadHtmlCacheBehavior [ RunTime:0.000803s ]
INFO: [ app_begin ] --END-- [ RunTime:0.000913s ]
ERR: 无法加载控制器:App/view/js/jquery

[ 2016-06-24T23:01:15+08:00 ] 127.0.0.1 /app/view/js/jquery-1.4.2.min.js
INFO: [ app_init ] --START--
INFO: Run Behavior\BuildLiteBehavior [ RunTime:0.000024s ]
INFO: [ app_init ] --END-- [ RunTime:0.000722s ]
INFO: [ app_begin ] --START--
INFO: Run Behavior\ReadHtmlCacheBehavior [ RunTime:0.000813s ]
INFO: [ app_begin ] --END-- [ RunTime:0.000920s ]
ERR: 无法加载控制器:App/view/js/jquery

[ 2016-06-24T23:04:17+08:00 ] 127.0.0.1 /favicon.ico
INFO: [ app_init ] --START--
INFO: Run Behavior\BuildLiteBehavior [ RunTime:0.000023s ]
INFO: [ app_init ] --END-- [ RunTime:0.000581s ]

[ 2016-06-24T23:15:43+08:00 ] 127.0.0.1 /favicon.ico
INFO: [ app_init ] --START--
INFO: Run Behavior\BuildLiteBehavior [ RunTime:0.000026s ]
INFO: [ app_init ] --END-- [ RunTime:0.000784s ]

[ 2016-06-24T23:45:03+08:00 ] 127.0.0.1 /favicon.ico
INFO: [ app_init ] --START--
INFO: Run Behavior\BuildLiteBehavior [ RunTime:0.000024s ]
INFO: [ app_init ] --END-- [ RunTime:0.000671s ]

