[ 2016-06-14T23:07:31+08:00 ] 127.0.0.1 /duanxin/send.php?telphone=18330199321
INFO: [ app_begin ] --START--
INFO: Run Behavior\ReadHtmlCacheBehavior [ RunTime:0.041214s ]
INFO: [ app_begin ] --END-- [ RunTime:0.073777s ]
ERR: 无法加载控制器:Duanxin

[ 2016-06-14T23:08:06+08:00 ] 127.0.0.1 /duanxin/send.php?telphone=18330199321
INFO: [ app_begin ] --START--
INFO: Run Behavior\ReadHtmlCacheBehavior [ RunTime:0.001116s ]
INFO: [ app_begin ] --END-- [ RunTime:0.001951s ]
ERR: 无法加载控制器:Duanxin

[ 2016-06-14T23:08:11+08:00 ] 127.0.0.1 /duanxin/send.php?telphone=18330199321
INFO: [ app_begin ] --START--
INFO: Run Behavior\ReadHtmlCacheBehavior [ RunTime:0.000909s ]
INFO: [ app_begin ] --END-- [ RunTime:0.001621s ]
ERR: 无法加载控制器:Duanxin

[ 2016-06-14T23:08:12+08:00 ] 127.0.0.1 /duanxin/send.php?telphone=18330199321
INFO: [ app_begin ] --START--
INFO: Run Behavior\ReadHtmlCacheBehavior [ RunTime:0.000902s ]
INFO: [ app_begin ] --END-- [ RunTime:0.001573s ]
ERR: 无法加载控制器:Duanxin

[ 2016-06-14T23:09:38+08:00 ] 127.0.0.1 /duanxin/send.php?telphone=18330199321
INFO: [ app_begin ] --START--
INFO: Run Behavior\ReadHtmlCacheBehavior [ RunTime:0.002046s ]
INFO: [ app_begin ] --END-- [ RunTime:0.016389s ]
ERR: 无法加载控制器:Duanxin

[ 2016-06-14T23:10:57+08:00 ] 127.0.0.1 /duanxin/send.php?telphone=18330199321
INFO: [ app_begin ] --START--
INFO: Run Behavior\ReadHtmlCacheBehavior [ RunTime:0.001079s ]
INFO: [ app_begin ] --END-- [ RunTime:0.001812s ]
ERR: 无法加载控制器:Duanxin

[ 2016-06-14T23:13:54+08:00 ] 127.0.0.1 /duanxin/send.php?telphone=
INFO: [ app_begin ] --START--
INFO: Run Behavior\ReadHtmlCacheBehavior [ RunTime:0.001205s ]
INFO: [ app_begin ] --END-- [ RunTime:0.002271s ]
ERR: 无法加载控制器:Duanxin

[ 2016-06-14T23:13:54+08:00 ] 127.0.0.1 /duanxin/send.php?telphone=18330199321
INFO: [ app_begin ] --START--
INFO: Run Behavior\ReadHtmlCacheBehavior [ RunTime:0.002577s ]
INFO: [ app_begin ] --END-- [ RunTime:0.004495s ]
ERR: 无法加载控制器:Duanxin

[ 2016-06-14T23:13:59+08:00 ] 127.0.0.1 /duanxin/send.php?telphone=18330199321
INFO: [ app_begin ] --START--
INFO: Run Behavior\ReadHtmlCacheBehavior [ RunTime:0.000933s ]
INFO: [ app_begin ] --END-- [ RunTime:0.001645s ]
ERR: 无法加载控制器:Duanxin

